<?xml version="1.0" encoding="UTF-8"?>
<!-- Generated by org.testng.reporters.JUnitXMLReporter -->
<testsuite hostname="MD1N0QGC" ignored="0" name="Default test" tests="110" failures="1" timestamp="21 Mar 2018 18:02:36 GMT" time="7861.992" errors="0">
  <testcase name="main" time="73.731" classname="automationTestCases.Exchange_11_Elec_Risk_Assessment_Page_Abort_Chrome"/>
  <testcase name="main" time="78.252" classname="automationTestCases.Exchange_1_Gas_Meter_Pre_Installation_Gas_Tightness_Test_Low_Pressure_Abort_Chrome"/>
  <testcase name="main" time="117.135" classname="automationTestCases.FLTY_2_End_To_End_Chrome"/>
  <testcase name="main" time="167.971" classname="automationTestCases.Exchange_9_End_To_End_Chrome"/>
  <testcase name="main" time="15.349" classname="automationTestCases.Exchange_1_Appointment_Details_Page_Abort_No_Access_Chrome"/>
  <testcase name="main" time="79.424" classname="automationTestCases.Exchange_1_End_To_End_Spark_Chrome"/>
  <testcase name="main" time="81.11" classname="automationTestCases.Exchange_11_End_To_End_Spark_Chrome"/>
  <testcase name="main" time="117.285" classname="automationTestCases.FLTY_17_Gas_Meter_Pre_Installation_Gas_Tightness_Test_Failed_Test_Abort_Chrome"/>
  <testcase name="main" time="38.122" classname="automationTestCases.RMVE_1_Gas_Risk_Assessment_Gas_Abort_Med_Pressure_Chrome"/>
  <testcase name="main" time="9.066" classname="automationTestCases.Exchange_3_Return_To_Appointments_List_Page_From_Appointment_Details_Page_Chrome"/>
  <testcase name="main" time="135.565" classname="automationTestCases.FLTY_17_Gas_Meter_Post_Installation_Gas_Tightness_Test_Abort_Chrome"/>
  <testcase name="main" time="41.005" classname="automationTestCases.Exchange_1_Gas_Risk_Assessment_Gas_Abort_Low_Pressure_Chrome"/>
  <testcase name="main" time="112.546" classname="automationTestCases.FLTY_17_Gas_Suitable_For_Smart_Installation_Abort_Chrome"/>
  <testcase name="main" time="34.505" classname="automationTestCases.Exchange_3_Appointment_Details_Page_Abort_No_Access_Chrome"/>
  <testcase name="main" time="13.869" classname="automationTestCases.FLTY_2_Appointment_Details_Page_Abort_No_Access_Chrome"/>
  <testcase name="main" time="72.517" classname="automationTestCases.Exchange_3_Elec_Initial_Polarity_Check_At_Meter_Page_Abort_Chrome"/>
  <testcase name="main" time="132.433" classname="automationTestCases.Exchange_3_Spark_End_To_End_Chrome"/>
  <testcase name="main" time="37.691" classname="automationTestCases.FLTY_2_Elec_Initial_Risk_Assessment_Page_Abort_Chrome"/>
  <testcase name="main" time="13.652" classname="automationTestCases.Exchange_5_Appointment_Details_Page_Abort_No_Access_Chrome"/>
  <testcase name="main" time="42.326" classname="automationTestCases.INST_5_Elec_Initial_Polarity_Check_At_Meter_Page_Abort_Chrome"/>
  <testcase name="main" time="33.072" classname="automationTestCases.RMVE_1_Doorstep_Protocol_Page_Abort_Doorstep_Procedure_Fail_Chrome"/>
  <testcase name="main" time="133.134" classname="automationTestCases.Exchange_3_Gas_Meter_Post_Installation_Gas_Tightness_Test_Abort_Chrome"/>
  <testcase name="main" time="45.887" classname="automationTestCases.Exchange_2_Elec_Initial_Polarity_Check_At_Meter_Page_Abort_Chrome"/>
  <testcase name="main" time="64.914" classname="automationTestCases.Exchange_1_Gas_Meter_Post_Installation_Gas_Tightness_Test_Abort_Chrome"/>
  <testcase name="main" time="37.974" classname="automationTestCases.Exchange_2_Elec_Initial_Risk_Assessment_Page_Abort_Chrome"/>
  <testcase name="main" time="66.127" classname="automationTestCases.Exchange_3_Elec_Suitable_For_Smart_Installation_Page_Abort_Chrome"/>
  <testcase name="main" time="66.27" classname="automationTestCases.Exchange_9_Elec_Suitable_For_Smart_Installation_Page_Abort_Chrome"/>
  <testcase name="main" time="64.373" classname="automationTestCases.Exchange_9_Elec_Risk_Assessment_Page_Abort_Chrome"/>
  <testcase name="main" time="113.115" classname="automationTestCases.Exchange_9_Gas_Risk_Assessment_Gas_Abort_Med_Pressure_Chrome"/>
  <testcase name="main" time="44.726" classname="automationTestCases.Exchange_11_Elec_Initial_Polarity_Check_At_Meter_Page_Abort_Chrome"/>
  <testcase name="main" time="64.157" classname="automationTestCases.Exchange_3_Elec_Risk_Assessment_Page_Abort_Chrome"/>
  <testcase name="main" time="79.005" classname="automationTestCases.Exchange_5_End_To_End_Spark_Chrome"/>
  <testcase name="main" time="14.131" classname="automationTestCases.INST_5_Appointment_Details_Page_Abort_No_Access_Chrome"/>
  <testcase name="main" time="110.035" classname="automationTestCases.Exchange_9_Elec_HAN_WAN_Checks_Page_Abort_Chrome"/>
  <testcase name="main" time="38.442" classname="automationTestCases.Exchange_5_Elec_Risk_Assessment_Page_Abort_Chrome"/>
  <testcase name="main" time="71.412" classname="automationTestCases.Exchange_9_Elec_Initial_Polarity_Check_At_Meter_Page_Abort_Chrome"/>
  <testcase name="main" time="37.608" classname="automationTestCases.INST_5_Elec_Initial_Risk_Assessment_Page_Abort_Chrome"/>
  <testcase name="main" time="55.136" classname="automationTestCases.Exchange_3_Doorstep_Protocol_Page_Suspend_Doorstep_Procedure_Fail_Chrome"/>
  <testcase name="main" time="45.301" classname="automationTestCases.Exchange_1_Gas_Meter_Pre_Installation_Gas_Tightness_Test_Failed_Test_Abort_Chrome"/>
  <testcase name="main" time="82.164" classname="automationTestCases.FLTY_2_End_To_End_Spark_Chrome"/>
  <testcase name="main" time="45.989" classname="automationTestCases.FLTY_2_Elec_Initial_Polarity_Check_At_Meter_Page_Abort_Chrome"/>
  <testcase name="main" time="45.222" classname="automationTestCases.NMEX_5_End_To_End_Chrome"/>
  <testcase name="main" time="16.987" classname="automationTestCases.Asset_Management_Add_Assets_Chrome"/>
  <testcase name="main" time="39.682" classname="automationTestCases.Exchange_1_Gas_Meter_Initial_Risk_Assessment_Gas_Abort_Chrome"/>
  <testcase name="main" time="109.69" classname="automationTestCases.FLTY_17_Gas_Risk_Assessment_Gas_Abort_Low_Pressure_Chrome"/>
  <testcase name="main" time="62.299" classname="automationTestCases.FLTY_17_Elec_Initial_Risk_Assessment_Page_Abort_Chrome"/>
  <testcase name="main" time="137.562" classname="automationTestCases.Exchange_9_Gas_Meter_Post_Installation_Gas_Tightness_Test_Abort_Chrome"/>
  <testcase name="main" time="67.6" classname="automationTestCases.FLTY_17_Elec_Suitable_For_Smart_Installation_Page_Abort_Chrome"/>
  <testcase name="main" time="34.474" classname="automationTestCases.Exchange_11_Doorstep_Protocol_Page_Abort_Doorstep_Procedure_Fail_Chrome"/>
  <testcase name="main" time="40.311" classname="automationTestCases.FLTY_2_Elec_Determine_Emergency_Call_Out_Page_Abort_Chrome"/>
  <testcase name="main" time="111.731" classname="automationTestCases.Exchange_3_Gas_Meter_Pre_Installation_Gas_Tightness_Test_Low_Pressure_Abort_Chrome">
    <failure type="org.openqa.selenium.NoSuchSessionException" message="Session ID is null. Using WebDriver after calling quit()?
Build info: version: &amp;apos;unknown&amp;apos;, revision: &amp;apos;unknown&amp;apos;, time: &amp;apos;unknown&amp;apos;
System info: host: &amp;apos;MD1N0QGC&amp;apos;, ip: &amp;apos;139.10.143.81&amp;apos;, os.name: &amp;apos;Windows 7&amp;apos;, os.arch: &amp;apos;amd64&amp;apos;, os.version: &amp;apos;6.1&amp;apos;, java.version: &amp;apos;1.8.0_131&amp;apos;
Driver info: driver.version: RemoteWebDriver">
      <![CDATA[org.openqa.selenium.NoSuchSessionException: Session ID is null. Using WebDriver after calling quit()?Build info: version: 'unknown', revision: 'unknown', time: 'unknown'System info: host: 'MD1N0QGC', ip: '139.10.143.81', os.name: 'Windows 7', os.arch: 'amd64', os.version: '6.1', java.version: '1.8.0_131'Driver info: driver.version: RemoteWebDriverat org.openqa.selenium.remote.HttpCommandExecutor.execute(HttpCommandExecutor.java:131)at org.openqa.selenium.remote.service.DriverCommandExecutor.execute(DriverCommandExecutor.java:82)at org.openqa.selenium.remote.RemoteWebDriver.execute(RemoteWebDriver.java:637)at org.openqa.selenium.remote.RemoteWebElement.execute(RemoteWebElement.java:272)at org.openqa.selenium.remote.RemoteWebElement.isDisplayed(RemoteWebElement.java:313)at automationTestCases.Exchange_3_Gas_Meter_Pre_Installation_Gas_Tightness_Test_Low_Pressure_Abort_Chrome.main(Exchange_3_Gas_Meter_Pre_Installation_Gas_Tightness_Test_Low_Pressure_Abort_Chrome.java:357)at sun.reflect.NativeMethodAccessorImpl.invoke0(Native Method)at sun.reflect.NativeMethodAccessorImpl.invoke(Unknown Source)at sun.reflect.DelegatingMethodAccessorImpl.invoke(Unknown Source)at java.lang.reflect.Method.invoke(Unknown Source)at org.testng.internal.MethodInvocationHelper.invokeMethod(MethodInvocationHelper.java:124)at org.testng.internal.Invoker.invokeMethod(Invoker.java:571)at org.testng.internal.Invoker.invokeTestMethod(Invoker.java:707)at org.testng.internal.Invoker.invokeTestMethods(Invoker.java:979)at org.testng.internal.TestMethodWorker.invokeTestMethods(TestMethodWorker.java:125)at org.testng.internal.TestMethodWorker.run(TestMethodWorker.java:109)at org.testng.TestRunner.privateRun(TestRunner.java:648)at org.testng.TestRunner.run(TestRunner.java:505)at org.testng.SuiteRunner.runTest(SuiteRunner.java:455)at org.testng.SuiteRunner.runSequentially(SuiteRunner.java:450)at org.testng.SuiteRunner.privateRun(SuiteRunner.java:415)at org.testng.SuiteRunner.run(SuiteRunner.java:364)at org.testng.SuiteRunnerWorker.runSuite(SuiteRunnerWorker.java:52)at org.testng.SuiteRunnerWorker.run(SuiteRunnerWorker.java:84)at org.testng.TestNG.runSuitesSequentially(TestNG.java:1187)at org.testng.TestNG.runSuitesLocally(TestNG.java:1116)at org.testng.TestNG.runSuites(TestNG.java:1028)at org.testng.TestNG.run(TestNG.java:996)at org.testng.remote.AbstractRemoteTestNG.run(AbstractRemoteTestNG.java:114)at org.testng.remote.RemoteTestNG.initAndRun(RemoteTestNG.java:251)at org.testng.remote.RemoteTestNG.main(RemoteTestNG.java:77)]]>
    </failure>
  </testcase> <!-- main -->
  <testcase name="main" time="37.417" classname="automationTestCases.INST_5_Elec_Risk_Assessment_Page_Abort_Chrome"/>
  <testcase name="main" time="85.237" classname="automationTestCases.Exchange_2_End_To_End_Chrome"/>
  <testcase name="main" time="44.79" classname="automationTestCases.NMEX_5_End_To_End_Spark_Chrome"/>
  <testcase name="main" time="113.413" classname="automationTestCases.Exchange_9_Gas_Risk_Assessment_Gas_Abort_Low_Pressure_Chrome"/>
  <testcase name="main" time="33.848" classname="automationTestCases.Exchange_2_Doorstep_Protocol_Page_Abort_Doorstep_Procedure_Fail_Chrome"/>
  <testcase name="main" time="109.786" classname="automationTestCases.Exchange_3_Gas_Risk_Assessment_Gas_Abort_Med_Pressure_Chrome"/>
  <testcase name="main" time="40.287" classname="automationTestCases.Exchange_2_Elec_Suitable_For_Smart_Installation_Page_Abort_Chrome"/>
  <testcase name="main" time="133.633" classname="automationTestCases.FLTY_17_End_To_End_Spark_Chrome"/>
  <testcase name="main" time="38.407" classname="automationTestCases.Exchange_1_Doorstep_Protocol_Page_Abort_Doorstep_Procedure_Fail_Chrome"/>
  <testcase name="main" time="12.041" classname="automationTestCases.Asset_Management_Stock_Take_Chrome"/>
  <testcase name="main" time="133.614" classname="automationTestCases.Exchange_3_End_To_End_Chrome"/>
  <testcase name="main" time="13.679" classname="automationTestCases.NMEX_5_Appointment_Details_Page_Abort_No_Access_Chrome"/>
  <testcase name="main" time="72.2" classname="automationTestCases.FLTY_17_Elec_Initial_Polarity_Check_At_Meter_Page_Abort_Chrome"/>
  <testcase name="main" time="13.627" classname="automationTestCases.Exchange_2_Appointment_Details_Page_Abort_No_Access_Chrome"/>
  <testcase name="main" time="37.641" classname="automationTestCases.Exchange_2_Elec_Risk_Assessment_Page_Abort_Chrome"/>
  <testcase name="main" time="132.055" classname="automationTestCases.Exchange_9_End_To_End_Spark_Chrome"/>
  <testcase name="main" time="47.131" classname="automationTestCases.Exchange_2_Elec_HAN_WAN_Checks_Page_Abort_Chrome"/>
  <testcase name="main" time="53.242" classname="automationTestCases.Exchange_3_Doorstep_Protocol_Page_Abort_Doorstep_Procedure_Fail_Chrome"/>
  <testcase name="main" time="33.793" classname="automationTestCases.NMEX_5_Doorstep_Protocol_Page_Abort_Doorstep_Procedure_Fail_Chrome"/>
  <testcase name="main" time="45.251" classname="automationTestCases.RMVE_1_End_To_End_Spark_Chrome"/>
  <testcase name="main" time="38.158" classname="automationTestCases.NMEX_5_Elec_Risk_Assessment_Page_Abort_Chrome"/>
  <testcase name="main" time="43.397" classname="automationTestCases.RMVE_1_End_To_End_Chrome"/>
  <testcase name="main" time="111.752" classname="automationTestCases.Exchange_3_Gas_Risk_Assessment_Gas_Abort_Low_Pressure_Chrome"/>
  <testcase name="main" time="13.932" classname="automationTestCases.INST_8_Appointment_Details_Page_Abort_No_Access_ECOT_Chrome"/>
  <testcase name="main" time="119.204" classname="automationTestCases.Exchange_9_Gas_Meter_Pre_Installation_Gas_Tightness_Test_Low_Pressure_Abort_Chrome"/>
  <testcase name="main" time="14.219" classname="automationTestCases.Exchange_11_Appointment_Details_Page_Abort_No_Access_Chrome"/>
  <testcase name="main" time="32.929" classname="automationTestCases.INST_8_Doorstep_Protocol_Page_Abort_Doorstep_Procedure_Fail_ECOT_Chrome"/>
  <testcase name="main" time="33.855" classname="automationTestCases.FLTY_17_Appointment_Details_Page_Abort_No_Access_Chrome"/>
  <testcase name="main" time="107.2" classname="automationTestCases.Exchange_9_Gas_Meter_Initial_Risk_Assessment_Gas_Abort_Chrome"/>
  <testcase name="main" time="36.164" classname="automationTestCases.RMVE_1_Gas_Meter_Initial_Risk_Assessment_Gas_Abort_Chrome"/>
  <testcase name="main" time="37.953" classname="automationTestCases.Exchange_5_Elec_Initial_Risk_Assessment_Page_Abort_Chrome"/>
  <testcase name="main" time="77.75" classname="automationTestCases.Exchange_5_End_To_End_Chrome"/>
  <testcase name="main" time="109.391" classname="automationTestCases.FLTY_17_Gas_Risk_Assessment_Gas_Abort_Med_Pressure_Chrome"/>
  <testcase name="main" time="103.638" classname="automationTestCases.Exchange_3_Elec_HAN_WAN_Checks_Page_Abort_Chrome"/>
  <testcase name="main" time="78.328" classname="automationTestCases.Exchange_1_End_To_End_Chrome"/>
  <testcase name="main" time="68.52" classname="automationTestCases.INST_5_End_To_End_Spark_Chrome"/>
  <testcase name="main" time="13.577" classname="automationTestCases.RMVE_1_Appointment_Details_Page_Abort_No_Access_Chrome"/>
  <testcase name="main" time="62.683" classname="automationTestCases.Exchange_3_Elec_Initial_Risk_Assessment_Page_Abort_Chrome"/>
  <testcase name="main" time="37.253" classname="automationTestCases.RMVE_1_Gas_Risk_Assessment_Gas_Abort_Low_Pressure_Chrome"/>
  <testcase name="main" time="53.366" classname="automationTestCases.Exchange_9_Doorstep_Protocol_Page_Abort_Doorstep_Procedure_Fail_Chrome"/>
  <testcase name="main" time="117.585" classname="automationTestCases.FLTY_17_Gas_Meter_Pre_Installation_Gas_Tightness_Test_Low_Pressure_Abort_Chrome"/>
  <testcase name="main" time="80.365" classname="automationTestCases.Exchange_11_End_To_End_Chrome"/>
  <testcase name="main" time="63.382" classname="automationTestCases.Exchange_9_Elec_Initial_Risk_Assessment_Page_Abort_Chrome"/>
  <testcase name="main" time="37.671" classname="automationTestCases.FLTY_2_Elec_Risk_Assessment_Page_Abort_Chrome"/>
  <testcase name="main" time="33.995" classname="automationTestCases.Exchange_9_Appointment_Details_Page_Abort_No_Access_Chrome"/>
  <testcase name="main" time="33.204" classname="automationTestCases.FLTY_2_Doorstep_Protocol_Page_Abort_Doorstep_Procedure_Fail_Chrome"/>
  <testcase name="main" time="134.105" classname="automationTestCases.FLTY_17_End_To_End_Chrome"/>
  <testcase name="main" time="33.176" classname="automationTestCases.INST_5_Doorstep_Protocol_Page_Abort_Doorstep_Procedure_Fail_Chrome"/>
  <testcase name="main" time="32.893" classname="automationTestCases.Exchange_5_Doorstep_Protocol_Page_Abort_Doorstep_Procedure_Fail_Chrome"/>
  <testcase name="main" time="13.975" classname="automationTestCases.Exchange_1_Appointment_Details_Page_Abort_No_Access_Spark_Chrome"/>
  <testcase name="main" time="37.674" classname="automationTestCases.Exchange_11_Elec_Initial_Risk_Assessment_Page_Abort_Chrome"/>
  <testcase name="main" time="64.209" classname="automationTestCases.FLTY_17_Elec_Risk_Assessment_Page_Abort_Chrome"/>
  <testcase name="main" time="44.285" classname="automationTestCases.Exchange_5_Elec_Initial_Polarity_Check_At_Meter_Page_Abort_Chrome"/>
  <testcase name="main" time="120.219" classname="automationTestCases.Exchange_9_Gas_Meter_Pre_Installation_Gas_Tightness_Test_Failed_Test_Abort_Chrome"/>
  <testcase name="main" time="39.279" classname="automationTestCases.NMEX_5_Elec_Initial_Risk_Assessment_Page_Abort_Chrome"/>
  <testcase name="main" time="41.185" classname="automationTestCases.Exchange_1_Gas_Risk_Assessment_Gas_Abort_Med_Pressure_Chrome"/>
  <testcase name="main" time="67.87" classname="automationTestCases.INST_5_End_To_End_Chrome"/>
  <testcase name="main" time="114.885" classname="automationTestCases.Exchange_3_Gas_Meter_Pre_Installation_Gas_Tightness_Test_Failed_Test_Abort_Chrome"/>
  <testcase name="main" time="83.558" classname="automationTestCases.Exchange_2_End_To_End_Spark_Chrome"/>
</testsuite> <!-- Default test -->
