<?xml version="1.0" encoding="UTF-8"?>
<testng-results skipped="0" failed="0" ignored="0" total="1" passed="1">
  <reporter-output>
  </reporter-output>
  <suite name="Default suite" duration-ms="17466" started-at="2017-12-08T10:04:37Z" finished-at="2017-12-08T10:04:54Z">
    <groups>
    </groups>
    <test name="Default test" duration-ms="17466" started-at="2017-12-08T10:04:37Z" finished-at="2017-12-08T10:04:54Z">
      <class name="automationTestCases.AA_Logon_Water">
        <test-method status="PASS" signature="beforeMethod()[pri:0, instance:automationTestCases.AA_Logon_Water@5f341870]" name="beforeMethod" is-config="true" duration-ms="9708" started-at="2017-12-08T10:04:37Z" finished-at="2017-12-08T10:04:47Z">
          <reporter-output>
          </reporter-output>
        </test-method> <!-- beforeMethod -->
        <test-method status="PASS" signature="main()[pri:0, instance:automationTestCases.AA_Logon_Water@5f341870]" name="main" duration-ms="6342" started-at="2017-12-08T10:04:47Z" finished-at="2017-12-08T10:04:53Z">
          <reporter-output>
          </reporter-output>
        </test-method> <!-- main -->
        <test-method status="PASS" signature="afterMethod()[pri:0, instance:automationTestCases.AA_Logon_Water@5f341870]" name="afterMethod" is-config="true" duration-ms="1394" started-at="2017-12-08T10:04:53Z" finished-at="2017-12-08T10:04:54Z">
          <reporter-output>
          </reporter-output>
        </test-method> <!-- afterMethod -->
      </class> <!-- automationTestCases.AA_Logon_Water -->
    </test> <!-- Default test -->
  </suite> <!-- Default suite -->
</testng-results>
