<?xml version="1.0" encoding="UTF-8"?>
<testng-results skipped="0" failed="0" ignored="0" total="1" passed="1">
  <reporter-output>
  </reporter-output>
  <suite name="Default suite" duration-ms="46335" started-at="2017-12-19T09:14:26Z" finished-at="2017-12-19T09:15:13Z">
    <groups>
    </groups>
    <test name="Default test" duration-ms="46335" started-at="2017-12-19T09:14:26Z" finished-at="2017-12-19T09:15:13Z">
      <class name="automationTestCasesWaypoint.AA_Logon_Waypoint">
        <test-method status="PASS" signature="beforeMethod()[pri:0, instance:automationTestCasesWaypoint.AA_Logon_Waypoint@396e2f39]" name="beforeMethod" is-config="true" duration-ms="35940" started-at="2017-12-19T09:14:26Z" finished-at="2017-12-19T09:15:02Z">
          <reporter-output>
          </reporter-output>
        </test-method> <!-- beforeMethod -->
        <test-method status="PASS" signature="main()[pri:0, instance:automationTestCasesWaypoint.AA_Logon_Waypoint@396e2f39]" name="main" duration-ms="7679" started-at="2017-12-19T09:15:02Z" finished-at="2017-12-19T09:15:10Z">
          <reporter-output>
          </reporter-output>
        </test-method> <!-- main -->
        <test-method status="PASS" signature="afterMethod()[pri:0, instance:automationTestCasesWaypoint.AA_Logon_Waypoint@396e2f39]" name="afterMethod" is-config="true" duration-ms="2677" started-at="2017-12-19T09:15:10Z" finished-at="2017-12-19T09:15:13Z">
          <reporter-output>
          </reporter-output>
        </test-method> <!-- afterMethod -->
      </class> <!-- automationTestCasesWaypoint.AA_Logon_Waypoint -->
    </test> <!-- Default test -->
  </suite> <!-- Default suite -->
</testng-results>
