<?xml version="1.0" encoding="UTF-8"?>
<testng-results skipped="0" failed="1" ignored="0" total="1" passed="0">
  <reporter-output>
  </reporter-output>
  <suite name="Default suite" duration-ms="41297" started-at="2018-03-16T14:52:05Z" finished-at="2018-03-16T14:52:46Z">
    <groups>
    </groups>
    <test name="Default test" duration-ms="41297" started-at="2018-03-16T14:52:05Z" finished-at="2018-03-16T14:52:46Z">
      <class name="automationTestCases.INST_8_Elec_Initial_Risk_Assessment_Page_Abort_ECOT_Chrome">
        <test-method status="PASS" signature="beforeMethod()[pri:0, instance:automationTestCases.INST_8_Elec_Initial_Risk_Assessment_Page_Abort_ECOT_Chrome@2eda0940]" name="beforeMethod" is-config="true" duration-ms="10043" started-at="2018-03-16T14:52:05Z" finished-at="2018-03-16T14:52:15Z">
          <reporter-output>
          </reporter-output>
        </test-method> <!-- beforeMethod -->
        <test-method status="FAIL" signature="main()[pri:0, instance:automationTestCases.INST_8_Elec_Initial_Risk_Assessment_Page_Abort_ECOT_Chrome@2eda0940]" name="main" duration-ms="29992" started-at="2018-03-16T14:52:15Z" finished-at="2018-03-16T14:52:45Z">
          <exception class="org.openqa.selenium.WebDriverException">
            <message>
              <![CDATA[unknown error: Element <label class="radio" id="rb_SmelGas_y">...</label> is not clickable at point (1106, 378). Other element would receive the click: <div class="sweet-overlay" tabindex="-1" style="opacity: 1.01; display: block;"></div>  (Session info: chrome=64.0.3282.186)  (Driver info: chromedriver=2.33.506120 (e3e53437346286c0bc2d2dc9aa4915ba81d9023f),platform=Windows NT 6.1.7601 SP1 x86_64) (WARNING: The server did not provide any stacktrace information)Command duration or timeout: 43 millisecondsBuild info: version: 'unknown', revision: 'unknown', time: 'unknown'System info: host: 'MD1N0QGC', ip: '139.10.143.81', os.name: 'Windows 7', os.arch: 'amd64', os.version: '6.1', java.version: '1.8.0_131'Driver info: org.openqa.selenium.chrome.ChromeDriverCapabilities [{applicationCacheEnabled=false, rotatable=false, mobileEmulationEnabled=false, networkConnectionEnabled=false, chrome={chromedriverVersion=2.33.506120 (e3e53437346286c0bc2d2dc9aa4915ba81d9023f), userDataDir=C:\Users\Z003TD~1.AD0\AppData\Local\Temp\scoped_dir8856_3712}, takesHeapSnapshot=true, pageLoadStrategy=normal, databaseEnabled=false, handlesAlerts=true, hasTouchScreen=false, version=64.0.3282.186, platform=XP, browserConnectionEnabled=false, nativeEvents=true, acceptSslCerts=true, locationContextEnabled=true, webStorageEnabled=true, browserName=chrome, takesScreenshot=true, javascriptEnabled=true, cssSelectorsEnabled=true, setWindowRect=true, unexpectedAlertBehaviour=}]Session ID: 47a86ba3122ae3eb5fedb37737dd066e]]>
            </message>
            <full-stacktrace>
              <![CDATA[org.openqa.selenium.WebDriverException: unknown error: Element <label class="radio" id="rb_SmelGas_y">...</label> is not clickable at point (1106, 378). Other element would receive the click: <div class="sweet-overlay" tabindex="-1" style="opacity: 1.01; display: block;"></div>  (Session info: chrome=64.0.3282.186)  (Driver info: chromedriver=2.33.506120 (e3e53437346286c0bc2d2dc9aa4915ba81d9023f),platform=Windows NT 6.1.7601 SP1 x86_64) (WARNING: The server did not provide any stacktrace information)Command duration or timeout: 43 millisecondsBuild info: version: 'unknown', revision: 'unknown', time: 'unknown'System info: host: 'MD1N0QGC', ip: '139.10.143.81', os.name: 'Windows 7', os.arch: 'amd64', os.version: '6.1', java.version: '1.8.0_131'Driver info: org.openqa.selenium.chrome.ChromeDriverCapabilities [{applicationCacheEnabled=false, rotatable=false, mobileEmulationEnabled=false, networkConnectionEnabled=false, chrome={chromedriverVersion=2.33.506120 (e3e53437346286c0bc2d2dc9aa4915ba81d9023f), userDataDir=C:\Users\Z003TD~1.AD0\AppData\Local\Temp\scoped_dir8856_3712}, takesHeapSnapshot=true, pageLoadStrategy=normal, databaseEnabled=false, handlesAlerts=true, hasTouchScreen=false, version=64.0.3282.186, platform=XP, browserConnectionEnabled=false, nativeEvents=true, acceptSslCerts=true, locationContextEnabled=true, webStorageEnabled=true, browserName=chrome, takesScreenshot=true, javascriptEnabled=true, cssSelectorsEnabled=true, setWindowRect=true, unexpectedAlertBehaviour=}]Session ID: 47a86ba3122ae3eb5fedb37737dd066eat sun.reflect.NativeConstructorAccessorImpl.newInstance0(Native Method)at sun.reflect.NativeConstructorAccessorImpl.newInstance(Unknown Source)at sun.reflect.DelegatingConstructorAccessorImpl.newInstance(Unknown Source)at java.lang.reflect.Constructor.newInstance(Unknown Source)at org.openqa.selenium.remote.ErrorHandler.createThrowable(ErrorHandler.java:215)at org.openqa.selenium.remote.ErrorHandler.throwIfResponseFailed(ErrorHandler.java:167)at org.openqa.selenium.remote.RemoteWebDriver.execute(RemoteWebDriver.java:671)at org.openqa.selenium.remote.RemoteWebElement.execute(RemoteWebElement.java:272)at org.openqa.selenium.remote.RemoteWebElement.click(RemoteWebElement.java:82)at webModule.Methods_Electricity_Meter_Initial_Risk_Assessment.viewSmellGasPage(Methods_Electricity_Meter_Initial_Risk_Assessment.java:71)at automationTestCases.INST_8_Elec_Initial_Risk_Assessment_Page_Abort_ECOT_Chrome.main(INST_8_Elec_Initial_Risk_Assessment_Page_Abort_ECOT_Chrome.java:153)at sun.reflect.NativeMethodAccessorImpl.invoke0(Native Method)at sun.reflect.NativeMethodAccessorImpl.invoke(Unknown Source)at sun.reflect.DelegatingMethodAccessorImpl.invoke(Unknown Source)at java.lang.reflect.Method.invoke(Unknown Source)at org.testng.internal.MethodInvocationHelper.invokeMethod(MethodInvocationHelper.java:124)at org.testng.internal.Invoker.invokeMethod(Invoker.java:571)at org.testng.internal.Invoker.invokeTestMethod(Invoker.java:707)at org.testng.internal.Invoker.invokeTestMethods(Invoker.java:979)at org.testng.internal.TestMethodWorker.invokeTestMethods(TestMethodWorker.java:125)at org.testng.internal.TestMethodWorker.run(TestMethodWorker.java:109)at org.testng.TestRunner.privateRun(TestRunner.java:648)at org.testng.TestRunner.run(TestRunner.java:505)at org.testng.SuiteRunner.runTest(SuiteRunner.java:455)at org.testng.SuiteRunner.runSequentially(SuiteRunner.java:450)at org.testng.SuiteRunner.privateRun(SuiteRunner.java:415)at org.testng.SuiteRunner.run(SuiteRunner.java:364)at org.testng.SuiteRunnerWorker.runSuite(SuiteRunnerWorker.java:52)at org.testng.SuiteRunnerWorker.run(SuiteRunnerWorker.java:84)at org.testng.TestNG.runSuitesSequentially(TestNG.java:1187)at org.testng.TestNG.runSuitesLocally(TestNG.java:1116)at org.testng.TestNG.runSuites(TestNG.java:1028)at org.testng.TestNG.run(TestNG.java:996)at org.testng.remote.AbstractRemoteTestNG.run(AbstractRemoteTestNG.java:114)at org.testng.remote.RemoteTestNG.initAndRun(RemoteTestNG.java:251)at org.testng.remote.RemoteTestNG.main(RemoteTestNG.java:77)]]>
            </full-stacktrace>
          </exception> <!-- org.openqa.selenium.WebDriverException -->
          <reporter-output>
          </reporter-output>
        </test-method> <!-- main -->
        <test-method status="PASS" signature="afterMethod()[pri:0, instance:automationTestCases.INST_8_Elec_Initial_Risk_Assessment_Page_Abort_ECOT_Chrome@2eda0940]" name="afterMethod" is-config="true" duration-ms="1227" started-at="2018-03-16T14:52:45Z" finished-at="2018-03-16T14:52:46Z">
          <reporter-output>
          </reporter-output>
        </test-method> <!-- afterMethod -->
      </class> <!-- automationTestCases.INST_8_Elec_Initial_Risk_Assessment_Page_Abort_ECOT_Chrome -->
    </test> <!-- Default test -->
  </suite> <!-- Default suite -->
</testng-results>
