<?xml version="1.0" encoding="UTF-8"?>
<testng-results skipped="0" failed="0" ignored="0" total="1" passed="1">
  <reporter-output>
  </reporter-output>
  <suite name="Default suite" duration-ms="45290" started-at="2018-01-08T15:59:58Z" finished-at="2018-01-08T16:00:43Z">
    <groups>
    </groups>
    <test name="Default test" duration-ms="45290" started-at="2018-01-08T15:59:58Z" finished-at="2018-01-08T16:00:43Z">
      <class name="automationTestCases.Asset_Management_Add_Assets_Chrome">
        <test-method status="PASS" signature="beforeMethod()[pri:0, instance:automationTestCases.Asset_Management_Add_Assets_Chrome@2eda0940]" name="beforeMethod" is-config="true" duration-ms="9950" started-at="2018-01-08T15:59:58Z" finished-at="2018-01-08T16:00:08Z">
          <reporter-output>
          </reporter-output>
        </test-method> <!-- beforeMethod -->
        <test-method status="PASS" signature="main()[pri:0, instance:automationTestCases.Asset_Management_Add_Assets_Chrome@2eda0940]" name="main" duration-ms="34162" started-at="2018-01-08T16:00:08Z" finished-at="2018-01-08T16:00:42Z">
          <reporter-output>
          </reporter-output>
        </test-method> <!-- main -->
        <test-method status="PASS" signature="afterMethod()[pri:0, instance:automationTestCases.Asset_Management_Add_Assets_Chrome@2eda0940]" name="afterMethod" is-config="true" duration-ms="1146" started-at="2018-01-08T16:00:42Z" finished-at="2018-01-08T16:00:43Z">
          <reporter-output>
          </reporter-output>
        </test-method> <!-- afterMethod -->
      </class> <!-- automationTestCases.Asset_Management_Add_Assets_Chrome -->
    </test> <!-- Default test -->
  </suite> <!-- Default suite -->
</testng-results>
