<?xml version="1.0" encoding="UTF-8"?>
<testng-results skipped="0" failed="1" ignored="0" total="110" passed="109">
  <reporter-output>
  </reporter-output>
  <suite name="Default suite" duration-ms="7861992" started-at="2018-03-21T15:51:34Z" finished-at="2018-03-21T18:02:36Z">
    <groups>
    </groups>
    <test name="Default test" duration-ms="7861992" started-at="2018-03-21T15:51:34Z" finished-at="2018-03-21T18:02:36Z">
      <class name="automationTestCases.Exchange_11_Elec_Risk_Assessment_Page_Abort_Chrome">
        <test-method status="PASS" signature="beforeMethod()[pri:0, instance:automationTestCases.Exchange_11_Elec_Risk_Assessment_Page_Abort_Chrome@60438a68]" name="beforeMethod" is-config="true" duration-ms="11568" started-at="2018-03-21T15:51:34Z" finished-at="2018-03-21T15:51:45Z">
          <reporter-output>
          </reporter-output>
        </test-method> <!-- beforeMethod -->
        <test-method status="PASS" signature="main()[pri:0, instance:automationTestCases.Exchange_11_Elec_Risk_Assessment_Page_Abort_Chrome@60438a68]" name="main" duration-ms="73731" started-at="2018-03-21T15:51:45Z" finished-at="2018-03-21T15:52:59Z">
          <reporter-output>
          </reporter-output>
        </test-method> <!-- main -->
        <test-method status="PASS" signature="afterMethod()[pri:0, instance:automationTestCases.Exchange_11_Elec_Risk_Assessment_Page_Abort_Chrome@60438a68]" name="afterMethod" is-config="true" duration-ms="1186" started-at="2018-03-21T15:52:59Z" finished-at="2018-03-21T15:53:00Z">
          <reporter-output>
          </reporter-output>
        </test-method> <!-- afterMethod -->
      </class> <!-- automationTestCases.Exchange_11_Elec_Risk_Assessment_Page_Abort_Chrome -->
      <class name="automationTestCases.Exchange_1_Gas_Meter_Pre_Installation_Gas_Tightness_Test_Low_Pressure_Abort_Chrome">
        <test-method status="PASS" signature="beforeMethod()[pri:0, instance:automationTestCases.Exchange_1_Gas_Meter_Pre_Installation_Gas_Tightness_Test_Low_Pressure_Abort_Chrome@140e5a13]" name="beforeMethod" is-config="true" duration-ms="6596" started-at="2018-03-21T15:53:00Z" finished-at="2018-03-21T15:53:07Z">
          <reporter-output>
          </reporter-output>
        </test-method> <!-- beforeMethod -->
        <test-method status="PASS" signature="main()[pri:0, instance:automationTestCases.Exchange_1_Gas_Meter_Pre_Installation_Gas_Tightness_Test_Low_Pressure_Abort_Chrome@140e5a13]" name="main" duration-ms="78252" started-at="2018-03-21T15:53:07Z" finished-at="2018-03-21T15:54:25Z">
          <reporter-output>
          </reporter-output>
        </test-method> <!-- main -->
        <test-method status="PASS" signature="afterMethod()[pri:0, instance:automationTestCases.Exchange_1_Gas_Meter_Pre_Installation_Gas_Tightness_Test_Low_Pressure_Abort_Chrome@140e5a13]" name="afterMethod" is-config="true" duration-ms="1201" started-at="2018-03-21T15:54:25Z" finished-at="2018-03-21T15:54:26Z">
          <reporter-output>
          </reporter-output>
        </test-method> <!-- afterMethod -->
      </class> <!-- automationTestCases.Exchange_1_Gas_Meter_Pre_Installation_Gas_Tightness_Test_Low_Pressure_Abort_Chrome -->
      <class name="automationTestCases.FLTY_2_End_To_End_Chrome">
        <test-method status="PASS" signature="beforeMethod()[pri:0, instance:automationTestCases.FLTY_2_End_To_End_Chrome@3439f68d]" name="beforeMethod" is-config="true" duration-ms="7490" started-at="2018-03-21T15:54:26Z" finished-at="2018-03-21T15:54:34Z">
          <reporter-output>
          </reporter-output>
        </test-method> <!-- beforeMethod -->
        <test-method status="PASS" signature="main()[pri:0, instance:automationTestCases.FLTY_2_End_To_End_Chrome@3439f68d]" name="main" duration-ms="117135" started-at="2018-03-21T15:54:34Z" finished-at="2018-03-21T15:56:31Z">
          <reporter-output>
          </reporter-output>
        </test-method> <!-- main -->
        <test-method status="PASS" signature="afterMethod()[pri:0, instance:automationTestCases.FLTY_2_End_To_End_Chrome@3439f68d]" name="afterMethod" is-config="true" duration-ms="998" started-at="2018-03-21T15:56:31Z" finished-at="2018-03-21T15:56:32Z">
          <reporter-output>
          </reporter-output>
        </test-method> <!-- afterMethod -->
      </class> <!-- automationTestCases.FLTY_2_End_To_End_Chrome -->
      <class name="automationTestCases.Exchange_9_End_To_End_Chrome">
        <test-method status="PASS" signature="beforeMethod()[pri:0, instance:automationTestCases.Exchange_9_End_To_End_Chrome@dbd940d]" name="beforeMethod" is-config="true" duration-ms="8008" started-at="2018-03-21T15:56:32Z" finished-at="2018-03-21T15:56:40Z">
          <reporter-output>
          </reporter-output>
        </test-method> <!-- beforeMethod -->
        <test-method status="PASS" signature="main()[pri:0, instance:automationTestCases.Exchange_9_End_To_End_Chrome@dbd940d]" name="main" duration-ms="167971" started-at="2018-03-21T15:56:40Z" finished-at="2018-03-21T15:59:28Z">
          <reporter-output>
          </reporter-output>
        </test-method> <!-- main -->
        <test-method status="PASS" signature="afterMethod()[pri:0, instance:automationTestCases.Exchange_9_End_To_End_Chrome@dbd940d]" name="afterMethod" is-config="true" duration-ms="1014" started-at="2018-03-21T15:59:28Z" finished-at="2018-03-21T15:59:29Z">
          <reporter-output>
          </reporter-output>
        </test-method> <!-- afterMethod -->
      </class> <!-- automationTestCases.Exchange_9_End_To_End_Chrome -->
      <class name="automationTestCases.Exchange_1_Appointment_Details_Page_Abort_No_Access_Chrome">
        <test-method status="PASS" signature="beforeMethod()[pri:0, instance:automationTestCases.Exchange_1_Appointment_Details_Page_Abort_No_Access_Chrome@71d15f18]" name="beforeMethod" is-config="true" duration-ms="6583" started-at="2018-03-21T15:59:29Z" finished-at="2018-03-21T15:59:36Z">
          <reporter-output>
          </reporter-output>
        </test-method> <!-- beforeMethod -->
        <test-method status="PASS" signature="main()[pri:0, instance:automationTestCases.Exchange_1_Appointment_Details_Page_Abort_No_Access_Chrome@71d15f18]" name="main" duration-ms="15349" started-at="2018-03-21T15:59:36Z" finished-at="2018-03-21T15:59:51Z">
          <reporter-output>
          </reporter-output>
        </test-method> <!-- main -->
        <test-method status="PASS" signature="afterMethod()[pri:0, instance:automationTestCases.Exchange_1_Appointment_Details_Page_Abort_No_Access_Chrome@71d15f18]" name="afterMethod" is-config="true" duration-ms="967" started-at="2018-03-21T15:59:51Z" finished-at="2018-03-21T15:59:52Z">
          <reporter-output>
          </reporter-output>
        </test-method> <!-- afterMethod -->
      </class> <!-- automationTestCases.Exchange_1_Appointment_Details_Page_Abort_No_Access_Chrome -->
      <class name="automationTestCases.Exchange_1_End_To_End_Spark_Chrome">
        <test-method status="PASS" signature="beforeMethod()[pri:0, instance:automationTestCases.Exchange_1_End_To_End_Spark_Chrome@17695df3]" name="beforeMethod" is-config="true" duration-ms="8681" started-at="2018-03-21T15:59:52Z" finished-at="2018-03-21T16:00:01Z">
          <reporter-output>
          </reporter-output>
        </test-method> <!-- beforeMethod -->
        <test-method status="PASS" signature="main()[pri:0, instance:automationTestCases.Exchange_1_End_To_End_Spark_Chrome@17695df3]" name="main" duration-ms="79424" started-at="2018-03-21T16:00:01Z" finished-at="2018-03-21T16:01:20Z">
          <reporter-output>
          </reporter-output>
        </test-method> <!-- main -->
        <test-method status="PASS" signature="afterMethod()[pri:0, instance:automationTestCases.Exchange_1_End_To_End_Spark_Chrome@17695df3]" name="afterMethod" is-config="true" duration-ms="1030" started-at="2018-03-21T16:01:20Z" finished-at="2018-03-21T16:01:21Z">
          <reporter-output>
          </reporter-output>
        </test-method> <!-- afterMethod -->
      </class> <!-- automationTestCases.Exchange_1_End_To_End_Spark_Chrome -->
      <class name="automationTestCases.Exchange_11_End_To_End_Spark_Chrome">
        <test-method status="PASS" signature="beforeMethod()[pri:0, instance:automationTestCases.Exchange_11_End_To_End_Spark_Chrome@6c9f5c0d]" name="beforeMethod" is-config="true" duration-ms="6653" started-at="2018-03-21T16:01:21Z" finished-at="2018-03-21T16:01:28Z">
          <reporter-output>
          </reporter-output>
        </test-method> <!-- beforeMethod -->
        <test-method status="PASS" signature="main()[pri:0, instance:automationTestCases.Exchange_11_End_To_End_Spark_Chrome@6c9f5c0d]" name="main" duration-ms="81110" started-at="2018-03-21T16:01:28Z" finished-at="2018-03-21T16:02:49Z">
          <reporter-output>
          </reporter-output>
        </test-method> <!-- main -->
        <test-method status="PASS" signature="afterMethod()[pri:0, instance:automationTestCases.Exchange_11_End_To_End_Spark_Chrome@6c9f5c0d]" name="afterMethod" is-config="true" duration-ms="999" started-at="2018-03-21T16:02:49Z" finished-at="2018-03-21T16:02:50Z">
          <reporter-output>
          </reporter-output>
        </test-method> <!-- afterMethod -->
      </class> <!-- automationTestCases.Exchange_11_End_To_End_Spark_Chrome -->
      <class name="automationTestCases.FLTY_17_Gas_Meter_Pre_Installation_Gas_Tightness_Test_Failed_Test_Abort_Chrome">
        <test-method status="PASS" signature="beforeMethod()[pri:0, instance:automationTestCases.FLTY_17_Gas_Meter_Pre_Installation_Gas_Tightness_Test_Failed_Test_Abort_Chrome@de3a06f]" name="beforeMethod" is-config="true" duration-ms="6371" started-at="2018-03-21T16:02:50Z" finished-at="2018-03-21T16:02:56Z">
          <reporter-output>
          </reporter-output>
        </test-method> <!-- beforeMethod -->
        <test-method status="PASS" signature="main()[pri:0, instance:automationTestCases.FLTY_17_Gas_Meter_Pre_Installation_Gas_Tightness_Test_Failed_Test_Abort_Chrome@de3a06f]" name="main" duration-ms="117285" started-at="2018-03-21T16:02:56Z" finished-at="2018-03-21T16:04:53Z">
          <reporter-output>
          </reporter-output>
        </test-method> <!-- main -->
        <test-method status="PASS" signature="afterMethod()[pri:0, instance:automationTestCases.FLTY_17_Gas_Meter_Pre_Installation_Gas_Tightness_Test_Failed_Test_Abort_Chrome@de3a06f]" name="afterMethod" is-config="true" duration-ms="1030" started-at="2018-03-21T16:04:53Z" finished-at="2018-03-21T16:04:55Z">
          <reporter-output>
          </reporter-output>
        </test-method> <!-- afterMethod -->
      </class> <!-- automationTestCases.FLTY_17_Gas_Meter_Pre_Installation_Gas_Tightness_Test_Failed_Test_Abort_Chrome -->
      <class name="automationTestCases.RMVE_1_Gas_Risk_Assessment_Gas_Abort_Med_Pressure_Chrome">
        <test-method status="PASS" signature="beforeMethod()[pri:0, instance:automationTestCases.RMVE_1_Gas_Risk_Assessment_Gas_Abort_Med_Pressure_Chrome@76b10754]" name="beforeMethod" is-config="true" duration-ms="6617" started-at="2018-03-21T16:04:55Z" finished-at="2018-03-21T16:05:01Z">
          <reporter-output>
          </reporter-output>
        </test-method> <!-- beforeMethod -->
        <test-method status="PASS" signature="main()[pri:0, instance:automationTestCases.RMVE_1_Gas_Risk_Assessment_Gas_Abort_Med_Pressure_Chrome@76b10754]" name="main" duration-ms="38122" started-at="2018-03-21T16:05:01Z" finished-at="2018-03-21T16:05:39Z">
          <reporter-output>
          </reporter-output>
        </test-method> <!-- main -->
        <test-method status="PASS" signature="afterMethod()[pri:0, instance:automationTestCases.RMVE_1_Gas_Risk_Assessment_Gas_Abort_Med_Pressure_Chrome@76b10754]" name="afterMethod" is-config="true" duration-ms="1010" started-at="2018-03-21T16:05:39Z" finished-at="2018-03-21T16:05:40Z">
          <reporter-output>
          </reporter-output>
        </test-method> <!-- afterMethod -->
      </class> <!-- automationTestCases.RMVE_1_Gas_Risk_Assessment_Gas_Abort_Med_Pressure_Chrome -->
      <class name="automationTestCases.Exchange_3_Return_To_Appointments_List_Page_From_Appointment_Details_Page_Chrome">
        <test-method status="PASS" signature="beforeMethod()[pri:0, instance:automationTestCases.Exchange_3_Return_To_Appointments_List_Page_From_Appointment_Details_Page_Chrome@2bea5ab4]" name="beforeMethod" is-config="true" duration-ms="6648" started-at="2018-03-21T16:05:40Z" finished-at="2018-03-21T16:05:47Z">
          <reporter-output>
          </reporter-output>
        </test-method> <!-- beforeMethod -->
        <test-method status="PASS" signature="main()[pri:0, instance:automationTestCases.Exchange_3_Return_To_Appointments_List_Page_From_Appointment_Details_Page_Chrome@2bea5ab4]" name="main" duration-ms="9066" started-at="2018-03-21T16:05:47Z" finished-at="2018-03-21T16:05:56Z">
          <reporter-output>
          </reporter-output>
        </test-method> <!-- main -->
        <test-method status="PASS" signature="afterMethod()[pri:0, instance:automationTestCases.Exchange_3_Return_To_Appointments_List_Page_From_Appointment_Details_Page_Chrome@2bea5ab4]" name="afterMethod" is-config="true" duration-ms="1151" started-at="2018-03-21T16:05:56Z" finished-at="2018-03-21T16:05:57Z">
          <reporter-output>
          </reporter-output>
        </test-method> <!-- afterMethod -->
      </class> <!-- automationTestCases.Exchange_3_Return_To_Appointments_List_Page_From_Appointment_Details_Page_Chrome -->
      <class name="automationTestCases.FLTY_17_Gas_Meter_Post_Installation_Gas_Tightness_Test_Abort_Chrome">
        <test-method status="PASS" signature="beforeMethod()[pri:0, instance:automationTestCases.FLTY_17_Gas_Meter_Post_Installation_Gas_Tightness_Test_Abort_Chrome@3d8314f0]" name="beforeMethod" is-config="true" duration-ms="6461" started-at="2018-03-21T16:05:57Z" finished-at="2018-03-21T16:06:04Z">
          <reporter-output>
          </reporter-output>
        </test-method> <!-- beforeMethod -->
        <test-method status="PASS" signature="main()[pri:0, instance:automationTestCases.FLTY_17_Gas_Meter_Post_Installation_Gas_Tightness_Test_Abort_Chrome@3d8314f0]" name="main" duration-ms="135565" started-at="2018-03-21T16:06:04Z" finished-at="2018-03-21T16:08:19Z">
          <reporter-output>
          </reporter-output>
        </test-method> <!-- main -->
        <test-method status="PASS" signature="afterMethod()[pri:0, instance:automationTestCases.FLTY_17_Gas_Meter_Post_Installation_Gas_Tightness_Test_Abort_Chrome@3d8314f0]" name="afterMethod" is-config="true" duration-ms="1045" started-at="2018-03-21T16:08:19Z" finished-at="2018-03-21T16:08:20Z">
          <reporter-output>
          </reporter-output>
        </test-method> <!-- afterMethod -->
      </class> <!-- automationTestCases.FLTY_17_Gas_Meter_Post_Installation_Gas_Tightness_Test_Abort_Chrome -->
      <class name="automationTestCases.Exchange_1_Gas_Risk_Assessment_Gas_Abort_Low_Pressure_Chrome">
        <test-method status="PASS" signature="beforeMethod()[pri:0, instance:automationTestCases.Exchange_1_Gas_Risk_Assessment_Gas_Abort_Low_Pressure_Chrome@2df32bf7]" name="beforeMethod" is-config="true" duration-ms="6348" started-at="2018-03-21T16:08:20Z" finished-at="2018-03-21T16:08:27Z">
          <reporter-output>
          </reporter-output>
        </test-method> <!-- beforeMethod -->
        <test-method status="PASS" signature="main()[pri:0, instance:automationTestCases.Exchange_1_Gas_Risk_Assessment_Gas_Abort_Low_Pressure_Chrome@2df32bf7]" name="main" duration-ms="41005" started-at="2018-03-21T16:08:27Z" finished-at="2018-03-21T16:09:08Z">
          <reporter-output>
          </reporter-output>
        </test-method> <!-- main -->
        <test-method status="PASS" signature="afterMethod()[pri:0, instance:automationTestCases.Exchange_1_Gas_Risk_Assessment_Gas_Abort_Low_Pressure_Chrome@2df32bf7]" name="afterMethod" is-config="true" duration-ms="1076" started-at="2018-03-21T16:09:08Z" finished-at="2018-03-21T16:09:09Z">
          <reporter-output>
          </reporter-output>
        </test-method> <!-- afterMethod -->
      </class> <!-- automationTestCases.Exchange_1_Gas_Risk_Assessment_Gas_Abort_Low_Pressure_Chrome -->
      <class name="automationTestCases.FLTY_17_Gas_Suitable_For_Smart_Installation_Abort_Chrome">
        <test-method status="PASS" signature="beforeMethod()[pri:0, instance:automationTestCases.FLTY_17_Gas_Suitable_For_Smart_Installation_Abort_Chrome@530612ba]" name="beforeMethod" is-config="true" duration-ms="6659" started-at="2018-03-21T16:09:09Z" finished-at="2018-03-21T16:09:15Z">
          <reporter-output>
          </reporter-output>
        </test-method> <!-- beforeMethod -->
        <test-method status="PASS" signature="main()[pri:0, instance:automationTestCases.FLTY_17_Gas_Suitable_For_Smart_Installation_Abort_Chrome@530612ba]" name="main" duration-ms="112546" started-at="2018-03-21T16:09:15Z" finished-at="2018-03-21T16:11:08Z">
          <reporter-output>
          </reporter-output>
        </test-method> <!-- main -->
        <test-method status="PASS" signature="afterMethod()[pri:0, instance:automationTestCases.FLTY_17_Gas_Suitable_For_Smart_Installation_Abort_Chrome@530612ba]" name="afterMethod" is-config="true" duration-ms="1076" started-at="2018-03-21T16:11:08Z" finished-at="2018-03-21T16:11:09Z">
          <reporter-output>
          </reporter-output>
        </test-method> <!-- afterMethod -->
      </class> <!-- automationTestCases.FLTY_17_Gas_Suitable_For_Smart_Installation_Abort_Chrome -->
      <class name="automationTestCases.Exchange_3_Appointment_Details_Page_Abort_No_Access_Chrome">
        <test-method status="PASS" signature="beforeMethod()[pri:0, instance:automationTestCases.Exchange_3_Appointment_Details_Page_Abort_No_Access_Chrome@2a40cd94]" name="beforeMethod" is-config="true" duration-ms="6870" started-at="2018-03-21T16:11:09Z" finished-at="2018-03-21T16:11:16Z">
          <reporter-output>
          </reporter-output>
        </test-method> <!-- beforeMethod -->
        <test-method status="PASS" signature="main()[pri:0, instance:automationTestCases.Exchange_3_Appointment_Details_Page_Abort_No_Access_Chrome@2a40cd94]" name="main" duration-ms="34505" started-at="2018-03-21T16:11:16Z" finished-at="2018-03-21T16:11:50Z">
          <reporter-output>
          </reporter-output>
        </test-method> <!-- main -->
        <test-method status="PASS" signature="afterMethod()[pri:0, instance:automationTestCases.Exchange_3_Appointment_Details_Page_Abort_No_Access_Chrome@2a40cd94]" name="afterMethod" is-config="true" duration-ms="1037" started-at="2018-03-21T16:11:50Z" finished-at="2018-03-21T16:11:51Z">
          <reporter-output>
          </reporter-output>
        </test-method> <!-- afterMethod -->
      </class> <!-- automationTestCases.Exchange_3_Appointment_Details_Page_Abort_No_Access_Chrome -->
      <class name="automationTestCases.FLTY_2_Appointment_Details_Page_Abort_No_Access_Chrome">
        <test-method status="PASS" signature="beforeMethod()[pri:0, instance:automationTestCases.FLTY_2_Appointment_Details_Page_Abort_No_Access_Chrome@f4168b8]" name="beforeMethod" is-config="true" duration-ms="6546" started-at="2018-03-21T16:11:51Z" finished-at="2018-03-21T16:11:58Z">
          <reporter-output>
          </reporter-output>
        </test-method> <!-- beforeMethod -->
        <test-method status="PASS" signature="main()[pri:0, instance:automationTestCases.FLTY_2_Appointment_Details_Page_Abort_No_Access_Chrome@f4168b8]" name="main" duration-ms="13869" started-at="2018-03-21T16:11:58Z" finished-at="2018-03-21T16:12:12Z">
          <reporter-output>
          </reporter-output>
        </test-method> <!-- main -->
        <test-method status="PASS" signature="afterMethod()[pri:0, instance:automationTestCases.FLTY_2_Appointment_Details_Page_Abort_No_Access_Chrome@f4168b8]" name="afterMethod" is-config="true" duration-ms="1098" started-at="2018-03-21T16:12:12Z" finished-at="2018-03-21T16:12:13Z">
          <reporter-output>
          </reporter-output>
        </test-method> <!-- afterMethod -->
      </class> <!-- automationTestCases.FLTY_2_Appointment_Details_Page_Abort_No_Access_Chrome -->
      <class name="automationTestCases.Exchange_3_Elec_Initial_Polarity_Check_At_Meter_Page_Abort_Chrome">
        <test-method status="PASS" signature="beforeMethod()[pri:0, instance:automationTestCases.Exchange_3_Elec_Initial_Polarity_Check_At_Meter_Page_Abort_Chrome@3bd94634]" name="beforeMethod" is-config="true" duration-ms="6747" started-at="2018-03-21T16:12:13Z" finished-at="2018-03-21T16:12:20Z">
          <reporter-output>
          </reporter-output>
        </test-method> <!-- beforeMethod -->
        <test-method status="PASS" signature="main()[pri:0, instance:automationTestCases.Exchange_3_Elec_Initial_Polarity_Check_At_Meter_Page_Abort_Chrome@3bd94634]" name="main" duration-ms="72517" started-at="2018-03-21T16:12:20Z" finished-at="2018-03-21T16:13:32Z">
          <reporter-output>
          </reporter-output>
        </test-method> <!-- main -->
        <test-method status="PASS" signature="afterMethod()[pri:0, instance:automationTestCases.Exchange_3_Elec_Initial_Polarity_Check_At_Meter_Page_Abort_Chrome@3bd94634]" name="afterMethod" is-config="true" duration-ms="1092" started-at="2018-03-21T16:13:32Z" finished-at="2018-03-21T16:13:33Z">
          <reporter-output>
          </reporter-output>
        </test-method> <!-- afterMethod -->
      </class> <!-- automationTestCases.Exchange_3_Elec_Initial_Polarity_Check_At_Meter_Page_Abort_Chrome -->
      <class name="automationTestCases.Exchange_3_Spark_End_To_End_Chrome">
        <test-method status="PASS" signature="beforeMethod()[pri:0, instance:automationTestCases.Exchange_3_Spark_End_To_End_Chrome@58a90037]" name="beforeMethod" is-config="true" duration-ms="6311" started-at="2018-03-21T16:13:33Z" finished-at="2018-03-21T16:13:39Z">
          <reporter-output>
          </reporter-output>
        </test-method> <!-- beforeMethod -->
        <test-method status="PASS" signature="main()[pri:0, instance:automationTestCases.Exchange_3_Spark_End_To_End_Chrome@58a90037]" name="main" duration-ms="132433" started-at="2018-03-21T16:13:39Z" finished-at="2018-03-21T16:15:52Z">
          <reporter-output>
          </reporter-output>
        </test-method> <!-- main -->
        <test-method status="PASS" signature="afterMethod()[pri:0, instance:automationTestCases.Exchange_3_Spark_End_To_End_Chrome@58a90037]" name="afterMethod" is-config="true" duration-ms="1046" started-at="2018-03-21T16:15:52Z" finished-at="2018-03-21T16:15:53Z">
          <reporter-output>
          </reporter-output>
        </test-method> <!-- afterMethod -->
      </class> <!-- automationTestCases.Exchange_3_Spark_End_To_End_Chrome -->
      <class name="automationTestCases.FLTY_2_Elec_Initial_Risk_Assessment_Page_Abort_Chrome">
        <test-method status="PASS" signature="beforeMethod()[pri:0, instance:automationTestCases.FLTY_2_Elec_Initial_Risk_Assessment_Page_Abort_Chrome@74294adb]" name="beforeMethod" is-config="true" duration-ms="6285" started-at="2018-03-21T16:15:53Z" finished-at="2018-03-21T16:15:59Z">
          <reporter-output>
          </reporter-output>
        </test-method> <!-- beforeMethod -->
        <test-method status="PASS" signature="main()[pri:0, instance:automationTestCases.FLTY_2_Elec_Initial_Risk_Assessment_Page_Abort_Chrome@74294adb]" name="main" duration-ms="37691" started-at="2018-03-21T16:15:59Z" finished-at="2018-03-21T16:16:37Z">
          <reporter-output>
          </reporter-output>
        </test-method> <!-- main -->
        <test-method status="PASS" signature="afterMethod()[pri:0, instance:automationTestCases.FLTY_2_Elec_Initial_Risk_Assessment_Page_Abort_Chrome@74294adb]" name="afterMethod" is-config="true" duration-ms="999" started-at="2018-03-21T16:16:37Z" finished-at="2018-03-21T16:16:38Z">
          <reporter-output>
          </reporter-output>
        </test-method> <!-- afterMethod -->
      </class> <!-- automationTestCases.FLTY_2_Elec_Initial_Risk_Assessment_Page_Abort_Chrome -->
      <class name="automationTestCases.INST_5_Elec_Initial_Polarity_Check_At_Meter_Page_Abort_Chrome">
        <test-method status="PASS" signature="beforeMethod()[pri:0, instance:automationTestCases.INST_5_Elec_Initial_Polarity_Check_At_Meter_Page_Abort_Chrome@130f889]" name="beforeMethod" is-config="true" duration-ms="5964" started-at="2018-03-21T16:16:59Z" finished-at="2018-03-21T16:17:05Z">
          <reporter-output>
          </reporter-output>
        </test-method> <!-- beforeMethod -->
        <test-method status="PASS" signature="main()[pri:0, instance:automationTestCases.INST_5_Elec_Initial_Polarity_Check_At_Meter_Page_Abort_Chrome@130f889]" name="main" duration-ms="42326" started-at="2018-03-21T16:17:05Z" finished-at="2018-03-21T16:17:47Z">
          <reporter-output>
          </reporter-output>
        </test-method> <!-- main -->
        <test-method status="PASS" signature="afterMethod()[pri:0, instance:automationTestCases.INST_5_Elec_Initial_Polarity_Check_At_Meter_Page_Abort_Chrome@130f889]" name="afterMethod" is-config="true" duration-ms="1014" started-at="2018-03-21T16:17:47Z" finished-at="2018-03-21T16:17:48Z">
          <reporter-output>
          </reporter-output>
        </test-method> <!-- afterMethod -->
      </class> <!-- automationTestCases.INST_5_Elec_Initial_Polarity_Check_At_Meter_Page_Abort_Chrome -->
      <class name="automationTestCases.Exchange_5_Appointment_Details_Page_Abort_No_Access_Chrome">
        <test-method status="PASS" signature="beforeMethod()[pri:0, instance:automationTestCases.Exchange_5_Appointment_Details_Page_Abort_No_Access_Chrome@70a9f84e]" name="beforeMethod" is-config="true" duration-ms="6518" started-at="2018-03-21T16:16:38Z" finished-at="2018-03-21T16:16:44Z">
          <reporter-output>
          </reporter-output>
        </test-method> <!-- beforeMethod -->
        <test-method status="PASS" signature="main()[pri:0, instance:automationTestCases.Exchange_5_Appointment_Details_Page_Abort_No_Access_Chrome@70a9f84e]" name="main" duration-ms="13652" started-at="2018-03-21T16:16:44Z" finished-at="2018-03-21T16:16:58Z">
          <reporter-output>
          </reporter-output>
        </test-method> <!-- main -->
        <test-method status="PASS" signature="afterMethod()[pri:0, instance:automationTestCases.Exchange_5_Appointment_Details_Page_Abort_No_Access_Chrome@70a9f84e]" name="afterMethod" is-config="true" duration-ms="1005" started-at="2018-03-21T16:16:58Z" finished-at="2018-03-21T16:16:59Z">
          <reporter-output>
          </reporter-output>
        </test-method> <!-- afterMethod -->
      </class> <!-- automationTestCases.Exchange_5_Appointment_Details_Page_Abort_No_Access_Chrome -->
      <class name="automationTestCases.RMVE_1_Doorstep_Protocol_Page_Abort_Doorstep_Procedure_Fail_Chrome">
        <test-method status="PASS" signature="beforeMethod()[pri:0, instance:automationTestCases.RMVE_1_Doorstep_Protocol_Page_Abort_Doorstep_Procedure_Fail_Chrome@1188e820]" name="beforeMethod" is-config="true" duration-ms="6047" started-at="2018-03-21T16:17:48Z" finished-at="2018-03-21T16:17:54Z">
          <reporter-output>
          </reporter-output>
        </test-method> <!-- beforeMethod -->
        <test-method status="PASS" signature="main()[pri:0, instance:automationTestCases.RMVE_1_Doorstep_Protocol_Page_Abort_Doorstep_Procedure_Fail_Chrome@1188e820]" name="main" duration-ms="33072" started-at="2018-03-21T16:17:54Z" finished-at="2018-03-21T16:18:28Z">
          <reporter-output>
          </reporter-output>
        </test-method> <!-- main -->
        <test-method status="PASS" signature="afterMethod()[pri:0, instance:automationTestCases.RMVE_1_Doorstep_Protocol_Page_Abort_Doorstep_Procedure_Fail_Chrome@1188e820]" name="afterMethod" is-config="true" duration-ms="1044" started-at="2018-03-21T16:18:28Z" finished-at="2018-03-21T16:18:29Z">
          <reporter-output>
          </reporter-output>
        </test-method> <!-- afterMethod -->
      </class> <!-- automationTestCases.RMVE_1_Doorstep_Protocol_Page_Abort_Doorstep_Procedure_Fail_Chrome -->
      <class name="automationTestCases.Exchange_3_Gas_Meter_Post_Installation_Gas_Tightness_Test_Abort_Chrome">
        <test-method status="PASS" signature="beforeMethod()[pri:0, instance:automationTestCases.Exchange_3_Gas_Meter_Post_Installation_Gas_Tightness_Test_Abort_Chrome@2f490758]" name="beforeMethod" is-config="true" duration-ms="6687" started-at="2018-03-21T16:18:29Z" finished-at="2018-03-21T16:18:35Z">
          <reporter-output>
          </reporter-output>
        </test-method> <!-- beforeMethod -->
        <test-method status="PASS" signature="main()[pri:0, instance:automationTestCases.Exchange_3_Gas_Meter_Post_Installation_Gas_Tightness_Test_Abort_Chrome@2f490758]" name="main" duration-ms="133134" started-at="2018-03-21T16:18:35Z" finished-at="2018-03-21T16:20:48Z">
          <reporter-output>
          </reporter-output>
        </test-method> <!-- main -->
        <test-method status="PASS" signature="afterMethod()[pri:0, instance:automationTestCases.Exchange_3_Gas_Meter_Post_Installation_Gas_Tightness_Test_Abort_Chrome@2f490758]" name="afterMethod" is-config="true" duration-ms="1045" started-at="2018-03-21T16:20:48Z" finished-at="2018-03-21T16:20:49Z">
          <reporter-output>
          </reporter-output>
        </test-method> <!-- afterMethod -->
      </class> <!-- automationTestCases.Exchange_3_Gas_Meter_Post_Installation_Gas_Tightness_Test_Abort_Chrome -->
      <class name="automationTestCases.Exchange_2_Elec_Initial_Polarity_Check_At_Meter_Page_Abort_Chrome">
        <test-method status="PASS" signature="beforeMethod()[pri:0, instance:automationTestCases.Exchange_2_Elec_Initial_Polarity_Check_At_Meter_Page_Abort_Chrome@101df177]" name="beforeMethod" is-config="true" duration-ms="6903" started-at="2018-03-21T16:20:49Z" finished-at="2018-03-21T16:20:56Z">
          <reporter-output>
          </reporter-output>
        </test-method> <!-- beforeMethod -->
        <test-method status="PASS" signature="main()[pri:0, instance:automationTestCases.Exchange_2_Elec_Initial_Polarity_Check_At_Meter_Page_Abort_Chrome@101df177]" name="main" duration-ms="45887" started-at="2018-03-21T16:20:56Z" finished-at="2018-03-21T16:21:42Z">
          <reporter-output>
          </reporter-output>
        </test-method> <!-- main -->
        <test-method status="PASS" signature="afterMethod()[pri:0, instance:automationTestCases.Exchange_2_Elec_Initial_Polarity_Check_At_Meter_Page_Abort_Chrome@101df177]" name="afterMethod" is-config="true" duration-ms="1014" started-at="2018-03-21T16:21:42Z" finished-at="2018-03-21T16:21:43Z">
          <reporter-output>
          </reporter-output>
        </test-method> <!-- afterMethod -->
      </class> <!-- automationTestCases.Exchange_2_Elec_Initial_Polarity_Check_At_Meter_Page_Abort_Chrome -->
      <class name="automationTestCases.Exchange_1_Gas_Meter_Post_Installation_Gas_Tightness_Test_Abort_Chrome">
        <test-method status="PASS" signature="beforeMethod()[pri:0, instance:automationTestCases.Exchange_1_Gas_Meter_Post_Installation_Gas_Tightness_Test_Abort_Chrome@166fa74d]" name="beforeMethod" is-config="true" duration-ms="6584" started-at="2018-03-21T16:21:43Z" finished-at="2018-03-21T16:21:50Z">
          <reporter-output>
          </reporter-output>
        </test-method> <!-- beforeMethod -->
        <test-method status="PASS" signature="main()[pri:0, instance:automationTestCases.Exchange_1_Gas_Meter_Post_Installation_Gas_Tightness_Test_Abort_Chrome@166fa74d]" name="main" duration-ms="64914" started-at="2018-03-21T16:21:50Z" finished-at="2018-03-21T16:22:55Z">
          <reporter-output>
          </reporter-output>
        </test-method> <!-- main -->
        <test-method status="PASS" signature="afterMethod()[pri:0, instance:automationTestCases.Exchange_1_Gas_Meter_Post_Installation_Gas_Tightness_Test_Abort_Chrome@166fa74d]" name="afterMethod" is-config="true" duration-ms="1045" started-at="2018-03-21T16:22:55Z" finished-at="2018-03-21T16:22:56Z">
          <reporter-output>
          </reporter-output>
        </test-method> <!-- afterMethod -->
      </class> <!-- automationTestCases.Exchange_1_Gas_Meter_Post_Installation_Gas_Tightness_Test_Abort_Chrome -->
      <class name="automationTestCases.Exchange_2_Elec_Initial_Risk_Assessment_Page_Abort_Chrome">
        <test-method status="PASS" signature="beforeMethod()[pri:0, instance:automationTestCases.Exchange_2_Elec_Initial_Risk_Assessment_Page_Abort_Chrome@40f08448]" name="beforeMethod" is-config="true" duration-ms="6309" started-at="2018-03-21T16:22:56Z" finished-at="2018-03-21T16:23:02Z">
          <reporter-output>
          </reporter-output>
        </test-method> <!-- beforeMethod -->
        <test-method status="PASS" signature="main()[pri:0, instance:automationTestCases.Exchange_2_Elec_Initial_Risk_Assessment_Page_Abort_Chrome@40f08448]" name="main" duration-ms="37974" started-at="2018-03-21T16:23:02Z" finished-at="2018-03-21T16:23:40Z">
          <reporter-output>
          </reporter-output>
        </test-method> <!-- main -->
        <test-method status="PASS" signature="afterMethod()[pri:0, instance:automationTestCases.Exchange_2_Elec_Initial_Risk_Assessment_Page_Abort_Chrome@40f08448]" name="afterMethod" is-config="true" duration-ms="1029" started-at="2018-03-21T16:23:40Z" finished-at="2018-03-21T16:23:41Z">
          <reporter-output>
          </reporter-output>
        </test-method> <!-- afterMethod -->
      </class> <!-- automationTestCases.Exchange_2_Elec_Initial_Risk_Assessment_Page_Abort_Chrome -->
      <class name="automationTestCases.Exchange_3_Elec_Suitable_For_Smart_Installation_Page_Abort_Chrome">
        <test-method status="PASS" signature="beforeMethod()[pri:0, instance:automationTestCases.Exchange_3_Elec_Suitable_For_Smart_Installation_Page_Abort_Chrome@276438c9]" name="beforeMethod" is-config="true" duration-ms="7884" started-at="2018-03-21T16:23:41Z" finished-at="2018-03-21T16:23:49Z">
          <reporter-output>
          </reporter-output>
        </test-method> <!-- beforeMethod -->
        <test-method status="PASS" signature="main()[pri:0, instance:automationTestCases.Exchange_3_Elec_Suitable_For_Smart_Installation_Page_Abort_Chrome@276438c9]" name="main" duration-ms="66127" started-at="2018-03-21T16:23:49Z" finished-at="2018-03-21T16:24:55Z">
          <reporter-output>
          </reporter-output>
        </test-method> <!-- main -->
        <test-method status="PASS" signature="afterMethod()[pri:0, instance:automationTestCases.Exchange_3_Elec_Suitable_For_Smart_Installation_Page_Abort_Chrome@276438c9]" name="afterMethod" is-config="true" duration-ms="999" started-at="2018-03-21T16:24:55Z" finished-at="2018-03-21T16:24:56Z">
          <reporter-output>
          </reporter-output>
        </test-method> <!-- afterMethod -->
      </class> <!-- automationTestCases.Exchange_3_Elec_Suitable_For_Smart_Installation_Page_Abort_Chrome -->
      <class name="automationTestCases.Exchange_9_Elec_Suitable_For_Smart_Installation_Page_Abort_Chrome">
        <test-method status="PASS" signature="beforeMethod()[pri:0, instance:automationTestCases.Exchange_9_Elec_Suitable_For_Smart_Installation_Page_Abort_Chrome@588df31b]" name="beforeMethod" is-config="true" duration-ms="6634" started-at="2018-03-21T16:24:56Z" finished-at="2018-03-21T16:25:03Z">
          <reporter-output>
          </reporter-output>
        </test-method> <!-- beforeMethod -->
        <test-method status="PASS" signature="main()[pri:0, instance:automationTestCases.Exchange_9_Elec_Suitable_For_Smart_Installation_Page_Abort_Chrome@588df31b]" name="main" duration-ms="66270" started-at="2018-03-21T16:25:03Z" finished-at="2018-03-21T16:26:09Z">
          <reporter-output>
          </reporter-output>
        </test-method> <!-- main -->
        <test-method status="PASS" signature="afterMethod()[pri:0, instance:automationTestCases.Exchange_9_Elec_Suitable_For_Smart_Installation_Page_Abort_Chrome@588df31b]" name="afterMethod" is-config="true" duration-ms="1015" started-at="2018-03-21T16:26:09Z" finished-at="2018-03-21T16:26:10Z">
          <reporter-output>
          </reporter-output>
        </test-method> <!-- afterMethod -->
      </class> <!-- automationTestCases.Exchange_9_Elec_Suitable_For_Smart_Installation_Page_Abort_Chrome -->
      <class name="automationTestCases.Exchange_9_Elec_Risk_Assessment_Page_Abort_Chrome">
        <test-method status="PASS" signature="beforeMethod()[pri:0, instance:automationTestCases.Exchange_9_Elec_Risk_Assessment_Page_Abort_Chrome@33b37288]" name="beforeMethod" is-config="true" duration-ms="6696" started-at="2018-03-21T16:26:10Z" finished-at="2018-03-21T16:26:17Z">
          <reporter-output>
          </reporter-output>
        </test-method> <!-- beforeMethod -->
        <test-method status="PASS" signature="main()[pri:0, instance:automationTestCases.Exchange_9_Elec_Risk_Assessment_Page_Abort_Chrome@33b37288]" name="main" duration-ms="64373" started-at="2018-03-21T16:26:17Z" finished-at="2018-03-21T16:27:21Z">
          <reporter-output>
          </reporter-output>
        </test-method> <!-- main -->
        <test-method status="PASS" signature="afterMethod()[pri:0, instance:automationTestCases.Exchange_9_Elec_Risk_Assessment_Page_Abort_Chrome@33b37288]" name="afterMethod" is-config="true" duration-ms="1046" started-at="2018-03-21T16:27:21Z" finished-at="2018-03-21T16:27:22Z">
          <reporter-output>
          </reporter-output>
        </test-method> <!-- afterMethod -->
      </class> <!-- automationTestCases.Exchange_9_Elec_Risk_Assessment_Page_Abort_Chrome -->
      <class name="automationTestCases.Exchange_9_Gas_Risk_Assessment_Gas_Abort_Med_Pressure_Chrome">
        <test-method status="PASS" signature="beforeMethod()[pri:0, instance:automationTestCases.Exchange_9_Gas_Risk_Assessment_Gas_Abort_Med_Pressure_Chrome@77a57272]" name="beforeMethod" is-config="true" duration-ms="6905" started-at="2018-03-21T16:27:22Z" finished-at="2018-03-21T16:27:29Z">
          <reporter-output>
          </reporter-output>
        </test-method> <!-- beforeMethod -->
        <test-method status="PASS" signature="main()[pri:0, instance:automationTestCases.Exchange_9_Gas_Risk_Assessment_Gas_Abort_Med_Pressure_Chrome@77a57272]" name="main" duration-ms="113115" started-at="2018-03-21T16:27:29Z" finished-at="2018-03-21T16:29:22Z">
          <reporter-output>
          </reporter-output>
        </test-method> <!-- main -->
        <test-method status="PASS" signature="afterMethod()[pri:0, instance:automationTestCases.Exchange_9_Gas_Risk_Assessment_Gas_Abort_Med_Pressure_Chrome@77a57272]" name="afterMethod" is-config="true" duration-ms="1029" started-at="2018-03-21T16:29:22Z" finished-at="2018-03-21T16:29:23Z">
          <reporter-output>
          </reporter-output>
        </test-method> <!-- afterMethod -->
      </class> <!-- automationTestCases.Exchange_9_Gas_Risk_Assessment_Gas_Abort_Med_Pressure_Chrome -->
      <class name="automationTestCases.Exchange_11_Elec_Initial_Polarity_Check_At_Meter_Page_Abort_Chrome">
        <test-method status="PASS" signature="beforeMethod()[pri:0, instance:automationTestCases.Exchange_11_Elec_Initial_Polarity_Check_At_Meter_Page_Abort_Chrome@7181ae3f]" name="beforeMethod" is-config="true" duration-ms="6940" started-at="2018-03-21T16:29:23Z" finished-at="2018-03-21T16:29:30Z">
          <reporter-output>
          </reporter-output>
        </test-method> <!-- beforeMethod -->
        <test-method status="PASS" signature="main()[pri:0, instance:automationTestCases.Exchange_11_Elec_Initial_Polarity_Check_At_Meter_Page_Abort_Chrome@7181ae3f]" name="main" duration-ms="44726" started-at="2018-03-21T16:29:30Z" finished-at="2018-03-21T16:30:15Z">
          <reporter-output>
          </reporter-output>
        </test-method> <!-- main -->
        <test-method status="PASS" signature="afterMethod()[pri:0, instance:automationTestCases.Exchange_11_Elec_Initial_Polarity_Check_At_Meter_Page_Abort_Chrome@7181ae3f]" name="afterMethod" is-config="true" duration-ms="1014" started-at="2018-03-21T16:30:15Z" finished-at="2018-03-21T16:30:16Z">
          <reporter-output>
          </reporter-output>
        </test-method> <!-- afterMethod -->
      </class> <!-- automationTestCases.Exchange_11_Elec_Initial_Polarity_Check_At_Meter_Page_Abort_Chrome -->
      <class name="automationTestCases.Exchange_3_Elec_Risk_Assessment_Page_Abort_Chrome">
        <test-method status="PASS" signature="beforeMethod()[pri:0, instance:automationTestCases.Exchange_3_Elec_Risk_Assessment_Page_Abort_Chrome@46238e3f]" name="beforeMethod" is-config="true" duration-ms="6416" started-at="2018-03-21T16:30:16Z" finished-at="2018-03-21T16:30:22Z">
          <reporter-output>
          </reporter-output>
        </test-method> <!-- beforeMethod -->
        <test-method status="PASS" signature="main()[pri:0, instance:automationTestCases.Exchange_3_Elec_Risk_Assessment_Page_Abort_Chrome@46238e3f]" name="main" duration-ms="64157" started-at="2018-03-21T16:30:22Z" finished-at="2018-03-21T16:31:26Z">
          <reporter-output>
          </reporter-output>
        </test-method> <!-- main -->
        <test-method status="PASS" signature="afterMethod()[pri:0, instance:automationTestCases.Exchange_3_Elec_Risk_Assessment_Page_Abort_Chrome@46238e3f]" name="afterMethod" is-config="true" duration-ms="1111" started-at="2018-03-21T16:31:26Z" finished-at="2018-03-21T16:31:28Z">
          <reporter-output>
          </reporter-output>
        </test-method> <!-- afterMethod -->
      </class> <!-- automationTestCases.Exchange_3_Elec_Risk_Assessment_Page_Abort_Chrome -->
      <class name="automationTestCases.Exchange_5_End_To_End_Spark_Chrome">
        <test-method status="PASS" signature="beforeMethod()[pri:0, instance:automationTestCases.Exchange_5_End_To_End_Spark_Chrome@6e2c9341]" name="beforeMethod" is-config="true" duration-ms="6299" started-at="2018-03-21T16:31:28Z" finished-at="2018-03-21T16:31:34Z">
          <reporter-output>
          </reporter-output>
        </test-method> <!-- beforeMethod -->
        <test-method status="PASS" signature="main()[pri:0, instance:automationTestCases.Exchange_5_End_To_End_Spark_Chrome@6e2c9341]" name="main" duration-ms="79005" started-at="2018-03-21T16:31:34Z" finished-at="2018-03-21T16:32:53Z">
          <reporter-output>
          </reporter-output>
        </test-method> <!-- main -->
        <test-method status="PASS" signature="afterMethod()[pri:0, instance:automationTestCases.Exchange_5_End_To_End_Spark_Chrome@6e2c9341]" name="afterMethod" is-config="true" duration-ms="1061" started-at="2018-03-21T16:32:53Z" finished-at="2018-03-21T16:32:54Z">
          <reporter-output>
          </reporter-output>
        </test-method> <!-- afterMethod -->
      </class> <!-- automationTestCases.Exchange_5_End_To_End_Spark_Chrome -->
      <class name="automationTestCases.INST_5_Appointment_Details_Page_Abort_No_Access_Chrome">
        <test-method status="PASS" signature="beforeMethod()[pri:0, instance:automationTestCases.INST_5_Appointment_Details_Page_Abort_No_Access_Chrome@32464a14]" name="beforeMethod" is-config="true" duration-ms="6705" started-at="2018-03-21T16:32:54Z" finished-at="2018-03-21T16:33:01Z">
          <reporter-output>
          </reporter-output>
        </test-method> <!-- beforeMethod -->
        <test-method status="PASS" signature="main()[pri:0, instance:automationTestCases.INST_5_Appointment_Details_Page_Abort_No_Access_Chrome@32464a14]" name="main" duration-ms="14131" started-at="2018-03-21T16:33:01Z" finished-at="2018-03-21T16:33:15Z">
          <reporter-output>
          </reporter-output>
        </test-method> <!-- main -->
        <test-method status="PASS" signature="afterMethod()[pri:0, instance:automationTestCases.INST_5_Appointment_Details_Page_Abort_No_Access_Chrome@32464a14]" name="afterMethod" is-config="true" duration-ms="1167" started-at="2018-03-21T16:33:15Z" finished-at="2018-03-21T16:33:16Z">
          <reporter-output>
          </reporter-output>
        </test-method> <!-- afterMethod -->
      </class> <!-- automationTestCases.INST_5_Appointment_Details_Page_Abort_No_Access_Chrome -->
      <class name="automationTestCases.Exchange_9_Elec_HAN_WAN_Checks_Page_Abort_Chrome">
        <test-method status="PASS" signature="beforeMethod()[pri:0, instance:automationTestCases.Exchange_9_Elec_HAN_WAN_Checks_Page_Abort_Chrome@4e4aea35]" name="beforeMethod" is-config="true" duration-ms="6618" started-at="2018-03-21T16:33:16Z" finished-at="2018-03-21T16:33:23Z">
          <reporter-output>
          </reporter-output>
        </test-method> <!-- beforeMethod -->
        <test-method status="PASS" signature="main()[pri:0, instance:automationTestCases.Exchange_9_Elec_HAN_WAN_Checks_Page_Abort_Chrome@4e4aea35]" name="main" duration-ms="110035" started-at="2018-03-21T16:33:23Z" finished-at="2018-03-21T16:35:13Z">
          <reporter-output>
          </reporter-output>
        </test-method> <!-- main -->
        <test-method status="PASS" signature="afterMethod()[pri:0, instance:automationTestCases.Exchange_9_Elec_HAN_WAN_Checks_Page_Abort_Chrome@4e4aea35]" name="afterMethod" is-config="true" duration-ms="1061" started-at="2018-03-21T16:35:13Z" finished-at="2018-03-21T16:35:14Z">
          <reporter-output>
          </reporter-output>
        </test-method> <!-- afterMethod -->
      </class> <!-- automationTestCases.Exchange_9_Elec_HAN_WAN_Checks_Page_Abort_Chrome -->
      <class name="automationTestCases.Exchange_5_Elec_Risk_Assessment_Page_Abort_Chrome">
        <test-method status="PASS" signature="beforeMethod()[pri:0, instance:automationTestCases.Exchange_5_Elec_Risk_Assessment_Page_Abort_Chrome@1442d7b5]" name="beforeMethod" is-config="true" duration-ms="6387" started-at="2018-03-21T16:35:14Z" finished-at="2018-03-21T16:35:20Z">
          <reporter-output>
          </reporter-output>
        </test-method> <!-- beforeMethod -->
        <test-method status="PASS" signature="main()[pri:0, instance:automationTestCases.Exchange_5_Elec_Risk_Assessment_Page_Abort_Chrome@1442d7b5]" name="main" duration-ms="38442" started-at="2018-03-21T16:35:20Z" finished-at="2018-03-21T16:35:58Z">
          <reporter-output>
          </reporter-output>
        </test-method> <!-- main -->
        <test-method status="PASS" signature="afterMethod()[pri:0, instance:automationTestCases.Exchange_5_Elec_Risk_Assessment_Page_Abort_Chrome@1442d7b5]" name="afterMethod" is-config="true" duration-ms="998" started-at="2018-03-21T16:35:58Z" finished-at="2018-03-21T16:35:59Z">
          <reporter-output>
          </reporter-output>
        </test-method> <!-- afterMethod -->
      </class> <!-- automationTestCases.Exchange_5_Elec_Risk_Assessment_Page_Abort_Chrome -->
      <class name="automationTestCases.Exchange_9_Elec_Initial_Polarity_Check_At_Meter_Page_Abort_Chrome">
        <test-method status="PASS" signature="beforeMethod()[pri:0, instance:automationTestCases.Exchange_9_Elec_Initial_Polarity_Check_At_Meter_Page_Abort_Chrome@1efee8e7]" name="beforeMethod" is-config="true" duration-ms="6122" started-at="2018-03-21T16:35:59Z" finished-at="2018-03-21T16:36:06Z">
          <reporter-output>
          </reporter-output>
        </test-method> <!-- beforeMethod -->
        <test-method status="PASS" signature="main()[pri:0, instance:automationTestCases.Exchange_9_Elec_Initial_Polarity_Check_At_Meter_Page_Abort_Chrome@1efee8e7]" name="main" duration-ms="71412" started-at="2018-03-21T16:36:06Z" finished-at="2018-03-21T16:37:17Z">
          <reporter-output>
          </reporter-output>
        </test-method> <!-- main -->
        <test-method status="PASS" signature="afterMethod()[pri:0, instance:automationTestCases.Exchange_9_Elec_Initial_Polarity_Check_At_Meter_Page_Abort_Chrome@1efee8e7]" name="afterMethod" is-config="true" duration-ms="1123" started-at="2018-03-21T16:37:17Z" finished-at="2018-03-21T16:37:18Z">
          <reporter-output>
          </reporter-output>
        </test-method> <!-- afterMethod -->
      </class> <!-- automationTestCases.Exchange_9_Elec_Initial_Polarity_Check_At_Meter_Page_Abort_Chrome -->
      <class name="automationTestCases.INST_5_Elec_Initial_Risk_Assessment_Page_Abort_Chrome">
        <test-method status="PASS" signature="beforeMethod()[pri:0, instance:automationTestCases.INST_5_Elec_Initial_Risk_Assessment_Page_Abort_Chrome@1ee807c6]" name="beforeMethod" is-config="true" duration-ms="6184" started-at="2018-03-21T16:37:18Z" finished-at="2018-03-21T16:37:24Z">
          <reporter-output>
          </reporter-output>
        </test-method> <!-- beforeMethod -->
        <test-method status="PASS" signature="main()[pri:0, instance:automationTestCases.INST_5_Elec_Initial_Risk_Assessment_Page_Abort_Chrome@1ee807c6]" name="main" duration-ms="37608" started-at="2018-03-21T16:37:24Z" finished-at="2018-03-21T16:38:02Z">
          <reporter-output>
          </reporter-output>
        </test-method> <!-- main -->
        <test-method status="PASS" signature="afterMethod()[pri:0, instance:automationTestCases.INST_5_Elec_Initial_Risk_Assessment_Page_Abort_Chrome@1ee807c6]" name="afterMethod" is-config="true" duration-ms="968" started-at="2018-03-21T16:38:02Z" finished-at="2018-03-21T16:38:03Z">
          <reporter-output>
          </reporter-output>
        </test-method> <!-- afterMethod -->
      </class> <!-- automationTestCases.INST_5_Elec_Initial_Risk_Assessment_Page_Abort_Chrome -->
      <class name="automationTestCases.Exchange_3_Doorstep_Protocol_Page_Suspend_Doorstep_Procedure_Fail_Chrome">
        <test-method status="PASS" signature="beforeMethod()[pri:0, instance:automationTestCases.Exchange_3_Doorstep_Protocol_Page_Suspend_Doorstep_Procedure_Fail_Chrome@76a4d6c]" name="beforeMethod" is-config="true" duration-ms="6157" started-at="2018-03-21T16:38:03Z" finished-at="2018-03-21T16:38:09Z">
          <reporter-output>
          </reporter-output>
        </test-method> <!-- beforeMethod -->
        <test-method status="PASS" signature="main()[pri:0, instance:automationTestCases.Exchange_3_Doorstep_Protocol_Page_Suspend_Doorstep_Procedure_Fail_Chrome@76a4d6c]" name="main" duration-ms="55136" started-at="2018-03-21T16:38:09Z" finished-at="2018-03-21T16:39:04Z">
          <reporter-output>
          </reporter-output>
        </test-method> <!-- main -->
        <test-method status="PASS" signature="afterMethod()[pri:0, instance:automationTestCases.Exchange_3_Doorstep_Protocol_Page_Suspend_Doorstep_Procedure_Fail_Chrome@76a4d6c]" name="afterMethod" is-config="true" duration-ms="1005" started-at="2018-03-21T16:39:04Z" finished-at="2018-03-21T16:39:05Z">
          <reporter-output>
          </reporter-output>
        </test-method> <!-- afterMethod -->
      </class> <!-- automationTestCases.Exchange_3_Doorstep_Protocol_Page_Suspend_Doorstep_Procedure_Fail_Chrome -->
      <class name="automationTestCases.Exchange_1_Gas_Meter_Pre_Installation_Gas_Tightness_Test_Failed_Test_Abort_Chrome">
        <test-method status="PASS" signature="beforeMethod()[pri:0, instance:automationTestCases.Exchange_1_Gas_Meter_Pre_Installation_Gas_Tightness_Test_Failed_Test_Abort_Chrome@517cd4b]" name="beforeMethod" is-config="true" duration-ms="8031" started-at="2018-03-21T16:39:05Z" finished-at="2018-03-21T16:39:13Z">
          <reporter-output>
          </reporter-output>
        </test-method> <!-- beforeMethod -->
        <test-method status="PASS" signature="main()[pri:0, instance:automationTestCases.Exchange_1_Gas_Meter_Pre_Installation_Gas_Tightness_Test_Failed_Test_Abort_Chrome@517cd4b]" name="main" duration-ms="45301" started-at="2018-03-21T16:39:13Z" finished-at="2018-03-21T16:39:59Z">
          <reporter-output>
          </reporter-output>
        </test-method> <!-- main -->
        <test-method status="PASS" signature="afterMethod()[pri:0, instance:automationTestCases.Exchange_1_Gas_Meter_Pre_Installation_Gas_Tightness_Test_Failed_Test_Abort_Chrome@517cd4b]" name="afterMethod" is-config="true" duration-ms="1014" started-at="2018-03-21T16:39:59Z" finished-at="2018-03-21T16:40:00Z">
          <reporter-output>
          </reporter-output>
        </test-method> <!-- afterMethod -->
      </class> <!-- automationTestCases.Exchange_1_Gas_Meter_Pre_Installation_Gas_Tightness_Test_Failed_Test_Abort_Chrome -->
      <class name="automationTestCases.FLTY_2_End_To_End_Spark_Chrome">
        <test-method status="PASS" signature="beforeMethod()[pri:0, instance:automationTestCases.FLTY_2_End_To_End_Spark_Chrome@6cc7b4de]" name="beforeMethod" is-config="true" duration-ms="6952" started-at="2018-03-21T16:40:00Z" finished-at="2018-03-21T16:40:07Z">
          <reporter-output>
          </reporter-output>
        </test-method> <!-- beforeMethod -->
        <test-method status="PASS" signature="main()[pri:0, instance:automationTestCases.FLTY_2_End_To_End_Spark_Chrome@6cc7b4de]" name="main" duration-ms="82164" started-at="2018-03-21T16:40:07Z" finished-at="2018-03-21T16:41:29Z">
          <reporter-output>
          </reporter-output>
        </test-method> <!-- main -->
        <test-method status="PASS" signature="afterMethod()[pri:0, instance:automationTestCases.FLTY_2_End_To_End_Spark_Chrome@6cc7b4de]" name="afterMethod" is-config="true" duration-ms="1045" started-at="2018-03-21T16:41:29Z" finished-at="2018-03-21T16:41:30Z">
          <reporter-output>
          </reporter-output>
        </test-method> <!-- afterMethod -->
      </class> <!-- automationTestCases.FLTY_2_End_To_End_Spark_Chrome -->
      <class name="automationTestCases.NMEX_5_End_To_End_Chrome">
        <test-method status="PASS" signature="beforeMethod()[pri:0, instance:automationTestCases.NMEX_5_End_To_End_Chrome@679b62af]" name="beforeMethod" is-config="true" duration-ms="8401" started-at="2018-03-21T16:42:23Z" finished-at="2018-03-21T16:42:32Z">
          <reporter-output>
          </reporter-output>
        </test-method> <!-- beforeMethod -->
        <test-method status="PASS" signature="main()[pri:0, instance:automationTestCases.NMEX_5_End_To_End_Chrome@679b62af]" name="main" duration-ms="45222" started-at="2018-03-21T16:42:32Z" finished-at="2018-03-21T16:43:17Z">
          <reporter-output>
          </reporter-output>
        </test-method> <!-- main -->
        <test-method status="PASS" signature="afterMethod()[pri:0, instance:automationTestCases.NMEX_5_End_To_End_Chrome@679b62af]" name="afterMethod" is-config="true" duration-ms="967" started-at="2018-03-21T16:43:17Z" finished-at="2018-03-21T16:43:18Z">
          <reporter-output>
          </reporter-output>
        </test-method> <!-- afterMethod -->
      </class> <!-- automationTestCases.NMEX_5_End_To_End_Chrome -->
      <class name="automationTestCases.FLTY_2_Elec_Initial_Polarity_Check_At_Meter_Page_Abort_Chrome">
        <test-method status="PASS" signature="beforeMethod()[pri:0, instance:automationTestCases.FLTY_2_Elec_Initial_Polarity_Check_At_Meter_Page_Abort_Chrome@32cf48b7]" name="beforeMethod" is-config="true" duration-ms="6600" started-at="2018-03-21T16:41:30Z" finished-at="2018-03-21T16:41:36Z">
          <reporter-output>
          </reporter-output>
        </test-method> <!-- beforeMethod -->
        <test-method status="PASS" signature="main()[pri:0, instance:automationTestCases.FLTY_2_Elec_Initial_Polarity_Check_At_Meter_Page_Abort_Chrome@32cf48b7]" name="main" duration-ms="45989" started-at="2018-03-21T16:41:36Z" finished-at="2018-03-21T16:42:22Z">
          <reporter-output>
          </reporter-output>
        </test-method> <!-- main -->
        <test-method status="PASS" signature="afterMethod()[pri:0, instance:automationTestCases.FLTY_2_Elec_Initial_Polarity_Check_At_Meter_Page_Abort_Chrome@32cf48b7]" name="afterMethod" is-config="true" duration-ms="1014" started-at="2018-03-21T16:42:22Z" finished-at="2018-03-21T16:42:23Z">
          <reporter-output>
          </reporter-output>
        </test-method> <!-- afterMethod -->
      </class> <!-- automationTestCases.FLTY_2_Elec_Initial_Polarity_Check_At_Meter_Page_Abort_Chrome -->
      <class name="automationTestCases.Asset_Management_Add_Assets_Chrome">
        <test-method status="PASS" signature="beforeMethod()[pri:0, instance:automationTestCases.Asset_Management_Add_Assets_Chrome@5cdd8682]" name="beforeMethod" is-config="true" duration-ms="6881" started-at="2018-03-21T16:43:18Z" finished-at="2018-03-21T16:43:25Z">
          <reporter-output>
          </reporter-output>
        </test-method> <!-- beforeMethod -->
        <test-method status="PASS" signature="main()[pri:0, instance:automationTestCases.Asset_Management_Add_Assets_Chrome@5cdd8682]" name="main" duration-ms="16987" started-at="2018-03-21T16:43:25Z" finished-at="2018-03-21T16:43:42Z">
          <reporter-output>
          </reporter-output>
        </test-method> <!-- main -->
        <test-method status="PASS" signature="afterMethod()[pri:0, instance:automationTestCases.Asset_Management_Add_Assets_Chrome@5cdd8682]" name="afterMethod" is-config="true" duration-ms="1170" started-at="2018-03-21T16:43:42Z" finished-at="2018-03-21T16:43:43Z">
          <reporter-output>
          </reporter-output>
        </test-method> <!-- afterMethod -->
      </class> <!-- automationTestCases.Asset_Management_Add_Assets_Chrome -->
      <class name="automationTestCases.Exchange_1_Gas_Meter_Initial_Risk_Assessment_Gas_Abort_Chrome">
        <test-method status="PASS" signature="beforeMethod()[pri:0, instance:automationTestCases.Exchange_1_Gas_Meter_Initial_Risk_Assessment_Gas_Abort_Chrome@d6da883]" name="beforeMethod" is-config="true" duration-ms="6493" started-at="2018-03-21T16:43:43Z" finished-at="2018-03-21T16:43:49Z">
          <reporter-output>
          </reporter-output>
        </test-method> <!-- beforeMethod -->
        <test-method status="PASS" signature="main()[pri:0, instance:automationTestCases.Exchange_1_Gas_Meter_Initial_Risk_Assessment_Gas_Abort_Chrome@d6da883]" name="main" duration-ms="39682" started-at="2018-03-21T16:43:49Z" finished-at="2018-03-21T16:44:29Z">
          <reporter-output>
          </reporter-output>
        </test-method> <!-- main -->
        <test-method status="PASS" signature="afterMethod()[pri:0, instance:automationTestCases.Exchange_1_Gas_Meter_Initial_Risk_Assessment_Gas_Abort_Chrome@d6da883]" name="afterMethod" is-config="true" duration-ms="983" started-at="2018-03-21T16:44:29Z" finished-at="2018-03-21T16:44:30Z">
          <reporter-output>
          </reporter-output>
        </test-method> <!-- afterMethod -->
      </class> <!-- automationTestCases.Exchange_1_Gas_Meter_Initial_Risk_Assessment_Gas_Abort_Chrome -->
      <class name="automationTestCases.FLTY_17_Gas_Risk_Assessment_Gas_Abort_Low_Pressure_Chrome">
        <test-method status="PASS" signature="beforeMethod()[pri:0, instance:automationTestCases.FLTY_17_Gas_Risk_Assessment_Gas_Abort_Low_Pressure_Chrome@45afc369]" name="beforeMethod" is-config="true" duration-ms="6199" started-at="2018-03-21T16:44:30Z" finished-at="2018-03-21T16:44:36Z">
          <reporter-output>
          </reporter-output>
        </test-method> <!-- beforeMethod -->
        <test-method status="PASS" signature="main()[pri:0, instance:automationTestCases.FLTY_17_Gas_Risk_Assessment_Gas_Abort_Low_Pressure_Chrome@45afc369]" name="main" duration-ms="109690" started-at="2018-03-21T16:44:36Z" finished-at="2018-03-21T16:46:26Z">
          <reporter-output>
          </reporter-output>
        </test-method> <!-- main -->
        <test-method status="PASS" signature="afterMethod()[pri:0, instance:automationTestCases.FLTY_17_Gas_Risk_Assessment_Gas_Abort_Low_Pressure_Chrome@45afc369]" name="afterMethod" is-config="true" duration-ms="1092" started-at="2018-03-21T16:46:26Z" finished-at="2018-03-21T16:46:27Z">
          <reporter-output>
          </reporter-output>
        </test-method> <!-- afterMethod -->
      </class> <!-- automationTestCases.FLTY_17_Gas_Risk_Assessment_Gas_Abort_Low_Pressure_Chrome -->
      <class name="automationTestCases.FLTY_17_Elec_Initial_Risk_Assessment_Page_Abort_Chrome">
        <test-method status="PASS" signature="beforeMethod()[pri:0, instance:automationTestCases.FLTY_17_Elec_Initial_Risk_Assessment_Page_Abort_Chrome@799d4f69]" name="beforeMethod" is-config="true" duration-ms="6300" started-at="2018-03-21T16:46:27Z" finished-at="2018-03-21T16:46:33Z">
          <reporter-output>
          </reporter-output>
        </test-method> <!-- beforeMethod -->
        <test-method status="PASS" signature="main()[pri:0, instance:automationTestCases.FLTY_17_Elec_Initial_Risk_Assessment_Page_Abort_Chrome@799d4f69]" name="main" duration-ms="62299" started-at="2018-03-21T16:46:33Z" finished-at="2018-03-21T16:47:36Z">
          <reporter-output>
          </reporter-output>
        </test-method> <!-- main -->
        <test-method status="PASS" signature="afterMethod()[pri:0, instance:automationTestCases.FLTY_17_Elec_Initial_Risk_Assessment_Page_Abort_Chrome@799d4f69]" name="afterMethod" is-config="true" duration-ms="984" started-at="2018-03-21T16:47:36Z" finished-at="2018-03-21T16:47:37Z">
          <reporter-output>
          </reporter-output>
        </test-method> <!-- afterMethod -->
      </class> <!-- automationTestCases.FLTY_17_Elec_Initial_Risk_Assessment_Page_Abort_Chrome -->
      <class name="automationTestCases.Exchange_9_Gas_Meter_Post_Installation_Gas_Tightness_Test_Abort_Chrome">
        <test-method status="PASS" signature="beforeMethod()[pri:0, instance:automationTestCases.Exchange_9_Gas_Meter_Post_Installation_Gas_Tightness_Test_Abort_Chrome@49c43f4e]" name="beforeMethod" is-config="true" duration-ms="8054" started-at="2018-03-21T16:47:37Z" finished-at="2018-03-21T16:47:45Z">
          <reporter-output>
          </reporter-output>
        </test-method> <!-- beforeMethod -->
        <test-method status="PASS" signature="main()[pri:0, instance:automationTestCases.Exchange_9_Gas_Meter_Post_Installation_Gas_Tightness_Test_Abort_Chrome@49c43f4e]" name="main" duration-ms="137562" started-at="2018-03-21T16:47:45Z" finished-at="2018-03-21T16:50:02Z">
          <reporter-output>
          </reporter-output>
        </test-method> <!-- main -->
        <test-method status="PASS" signature="afterMethod()[pri:0, instance:automationTestCases.Exchange_9_Gas_Meter_Post_Installation_Gas_Tightness_Test_Abort_Chrome@49c43f4e]" name="afterMethod" is-config="true" duration-ms="1061" started-at="2018-03-21T16:50:02Z" finished-at="2018-03-21T16:50:03Z">
          <reporter-output>
          </reporter-output>
        </test-method> <!-- afterMethod -->
      </class> <!-- automationTestCases.Exchange_9_Gas_Meter_Post_Installation_Gas_Tightness_Test_Abort_Chrome -->
      <class name="automationTestCases.FLTY_2_Elec_Determine_Emergency_Call_Out_Page_Abort_Chrome">
        <test-method status="PASS" signature="beforeMethod()[pri:0, instance:automationTestCases.FLTY_2_Elec_Determine_Emergency_Call_Out_Page_Abort_Chrome@17776a8]" name="beforeMethod" is-config="true" duration-ms="6562" started-at="2018-03-21T16:52:00Z" finished-at="2018-03-21T16:52:07Z">
          <reporter-output>
          </reporter-output>
        </test-method> <!-- beforeMethod -->
        <test-method status="PASS" signature="main()[pri:0, instance:automationTestCases.FLTY_2_Elec_Determine_Emergency_Call_Out_Page_Abort_Chrome@17776a8]" name="main" duration-ms="40311" started-at="2018-03-21T16:52:07Z" finished-at="2018-03-21T16:52:47Z">
          <reporter-output>
          </reporter-output>
        </test-method> <!-- main -->
        <test-method status="PASS" signature="afterMethod()[pri:0, instance:automationTestCases.FLTY_2_Elec_Determine_Emergency_Call_Out_Page_Abort_Chrome@17776a8]" name="afterMethod" is-config="true" duration-ms="999" started-at="2018-03-21T16:52:47Z" finished-at="2018-03-21T16:52:48Z">
          <reporter-output>
          </reporter-output>
        </test-method> <!-- afterMethod -->
      </class> <!-- automationTestCases.FLTY_2_Elec_Determine_Emergency_Call_Out_Page_Abort_Chrome -->
      <class name="automationTestCases.Exchange_11_Doorstep_Protocol_Page_Abort_Doorstep_Procedure_Fail_Chrome">
        <test-method status="PASS" signature="beforeMethod()[pri:0, instance:automationTestCases.Exchange_11_Doorstep_Protocol_Page_Abort_Doorstep_Procedure_Fail_Chrome@12028586]" name="beforeMethod" is-config="true" duration-ms="6270" started-at="2018-03-21T16:51:18Z" finished-at="2018-03-21T16:51:25Z">
          <reporter-output>
          </reporter-output>
        </test-method> <!-- beforeMethod -->
        <test-method status="PASS" signature="main()[pri:0, instance:automationTestCases.Exchange_11_Doorstep_Protocol_Page_Abort_Doorstep_Procedure_Fail_Chrome@12028586]" name="main" duration-ms="34474" started-at="2018-03-21T16:51:25Z" finished-at="2018-03-21T16:51:59Z">
          <reporter-output>
          </reporter-output>
        </test-method> <!-- main -->
        <test-method status="PASS" signature="afterMethod()[pri:0, instance:automationTestCases.Exchange_11_Doorstep_Protocol_Page_Abort_Doorstep_Procedure_Fail_Chrome@12028586]" name="afterMethod" is-config="true" duration-ms="1028" started-at="2018-03-21T16:51:59Z" finished-at="2018-03-21T16:52:00Z">
          <reporter-output>
          </reporter-output>
        </test-method> <!-- afterMethod -->
      </class> <!-- automationTestCases.Exchange_11_Doorstep_Protocol_Page_Abort_Doorstep_Procedure_Fail_Chrome -->
      <class name="automationTestCases.FLTY_17_Elec_Suitable_For_Smart_Installation_Page_Abort_Chrome">
        <test-method status="PASS" signature="beforeMethod()[pri:0, instance:automationTestCases.FLTY_17_Elec_Suitable_For_Smart_Installation_Page_Abort_Chrome@290dbf45]" name="beforeMethod" is-config="true" duration-ms="6433" started-at="2018-03-21T16:50:03Z" finished-at="2018-03-21T16:50:10Z">
          <reporter-output>
          </reporter-output>
        </test-method> <!-- beforeMethod -->
        <test-method status="PASS" signature="main()[pri:0, instance:automationTestCases.FLTY_17_Elec_Suitable_For_Smart_Installation_Page_Abort_Chrome@290dbf45]" name="main" duration-ms="67600" started-at="2018-03-21T16:50:10Z" finished-at="2018-03-21T16:51:17Z">
          <reporter-output>
          </reporter-output>
        </test-method> <!-- main -->
        <test-method status="PASS" signature="afterMethod()[pri:0, instance:automationTestCases.FLTY_17_Elec_Suitable_For_Smart_Installation_Page_Abort_Chrome@290dbf45]" name="afterMethod" is-config="true" duration-ms="1014" started-at="2018-03-21T16:51:17Z" finished-at="2018-03-21T16:51:18Z">
          <reporter-output>
          </reporter-output>
        </test-method> <!-- afterMethod -->
      </class> <!-- automationTestCases.FLTY_17_Elec_Suitable_For_Smart_Installation_Page_Abort_Chrome -->
      <class name="automationTestCases.INST_5_Elec_Risk_Assessment_Page_Abort_Chrome">
        <test-method status="PASS" signature="beforeMethod()[pri:0, instance:automationTestCases.INST_5_Elec_Risk_Assessment_Page_Abort_Chrome@2d127a61]" name="beforeMethod" is-config="true" duration-ms="6258" started-at="2018-03-21T16:54:49Z" finished-at="2018-03-21T16:54:55Z">
          <reporter-output>
          </reporter-output>
        </test-method> <!-- beforeMethod -->
        <test-method status="PASS" signature="main()[pri:0, instance:automationTestCases.INST_5_Elec_Risk_Assessment_Page_Abort_Chrome@2d127a61]" name="main" duration-ms="37417" started-at="2018-03-21T16:54:55Z" finished-at="2018-03-21T16:55:33Z">
          <reporter-output>
          </reporter-output>
        </test-method> <!-- main -->
        <test-method status="PASS" signature="afterMethod()[pri:0, instance:automationTestCases.INST_5_Elec_Risk_Assessment_Page_Abort_Chrome@2d127a61]" name="afterMethod" is-config="true" duration-ms="1014" started-at="2018-03-21T16:55:33Z" finished-at="2018-03-21T16:55:34Z">
          <reporter-output>
          </reporter-output>
        </test-method> <!-- afterMethod -->
      </class> <!-- automationTestCases.INST_5_Elec_Risk_Assessment_Page_Abort_Chrome -->
      <class name="automationTestCases.Exchange_3_Gas_Meter_Pre_Installation_Gas_Tightness_Test_Low_Pressure_Abort_Chrome">
        <test-method status="PASS" signature="beforeMethod()[pri:0, instance:automationTestCases.Exchange_3_Gas_Meter_Pre_Installation_Gas_Tightness_Test_Low_Pressure_Abort_Chrome@69a10787]" name="beforeMethod" is-config="true" duration-ms="7991" started-at="2018-03-21T16:52:48Z" finished-at="2018-03-21T16:52:56Z">
          <reporter-output>
          </reporter-output>
        </test-method> <!-- beforeMethod -->
        <test-method status="FAIL" signature="main()[pri:0, instance:automationTestCases.Exchange_3_Gas_Meter_Pre_Installation_Gas_Tightness_Test_Low_Pressure_Abort_Chrome@69a10787]" name="main" duration-ms="111731" started-at="2018-03-21T16:52:56Z" finished-at="2018-03-21T16:54:48Z">
          <exception class="org.openqa.selenium.NoSuchSessionException">
            <message>
              <![CDATA[Session ID is null. Using WebDriver after calling quit()?Build info: version: 'unknown', revision: 'unknown', time: 'unknown'System info: host: 'MD1N0QGC', ip: '139.10.143.81', os.name: 'Windows 7', os.arch: 'amd64', os.version: '6.1', java.version: '1.8.0_131'Driver info: driver.version: RemoteWebDriver]]>
            </message>
            <full-stacktrace>
              <![CDATA[org.openqa.selenium.NoSuchSessionException: Session ID is null. Using WebDriver after calling quit()?Build info: version: 'unknown', revision: 'unknown', time: 'unknown'System info: host: 'MD1N0QGC', ip: '139.10.143.81', os.name: 'Windows 7', os.arch: 'amd64', os.version: '6.1', java.version: '1.8.0_131'Driver info: driver.version: RemoteWebDriverat org.openqa.selenium.remote.HttpCommandExecutor.execute(HttpCommandExecutor.java:131)at org.openqa.selenium.remote.service.DriverCommandExecutor.execute(DriverCommandExecutor.java:82)at org.openqa.selenium.remote.RemoteWebDriver.execute(RemoteWebDriver.java:637)at org.openqa.selenium.remote.RemoteWebElement.execute(RemoteWebElement.java:272)at org.openqa.selenium.remote.RemoteWebElement.isDisplayed(RemoteWebElement.java:313)at automationTestCases.Exchange_3_Gas_Meter_Pre_Installation_Gas_Tightness_Test_Low_Pressure_Abort_Chrome.main(Exchange_3_Gas_Meter_Pre_Installation_Gas_Tightness_Test_Low_Pressure_Abort_Chrome.java:357)at sun.reflect.NativeMethodAccessorImpl.invoke0(Native Method)at sun.reflect.NativeMethodAccessorImpl.invoke(Unknown Source)at sun.reflect.DelegatingMethodAccessorImpl.invoke(Unknown Source)at java.lang.reflect.Method.invoke(Unknown Source)at org.testng.internal.MethodInvocationHelper.invokeMethod(MethodInvocationHelper.java:124)at org.testng.internal.Invoker.invokeMethod(Invoker.java:571)at org.testng.internal.Invoker.invokeTestMethod(Invoker.java:707)at org.testng.internal.Invoker.invokeTestMethods(Invoker.java:979)at org.testng.internal.TestMethodWorker.invokeTestMethods(TestMethodWorker.java:125)at org.testng.internal.TestMethodWorker.run(TestMethodWorker.java:109)at org.testng.TestRunner.privateRun(TestRunner.java:648)at org.testng.TestRunner.run(TestRunner.java:505)at org.testng.SuiteRunner.runTest(SuiteRunner.java:455)at org.testng.SuiteRunner.runSequentially(SuiteRunner.java:450)at org.testng.SuiteRunner.privateRun(SuiteRunner.java:415)at org.testng.SuiteRunner.run(SuiteRunner.java:364)at org.testng.SuiteRunnerWorker.runSuite(SuiteRunnerWorker.java:52)at org.testng.SuiteRunnerWorker.run(SuiteRunnerWorker.java:84)at org.testng.TestNG.runSuitesSequentially(TestNG.java:1187)at org.testng.TestNG.runSuitesLocally(TestNG.java:1116)at org.testng.TestNG.runSuites(TestNG.java:1028)at org.testng.TestNG.run(TestNG.java:996)at org.testng.remote.AbstractRemoteTestNG.run(AbstractRemoteTestNG.java:114)at org.testng.remote.RemoteTestNG.initAndRun(RemoteTestNG.java:251)at org.testng.remote.RemoteTestNG.main(RemoteTestNG.java:77)]]>
            </full-stacktrace>
          </exception> <!-- org.openqa.selenium.NoSuchSessionException -->
          <reporter-output>
          </reporter-output>
        </test-method> <!-- main -->
        <test-method status="PASS" signature="afterMethod()[pri:0, instance:automationTestCases.Exchange_3_Gas_Meter_Pre_Installation_Gas_Tightness_Test_Low_Pressure_Abort_Chrome@69a10787]" name="afterMethod" is-config="true" duration-ms="1076" started-at="2018-03-21T16:54:48Z" finished-at="2018-03-21T16:54:49Z">
          <reporter-output>
          </reporter-output>
        </test-method> <!-- afterMethod -->
      </class> <!-- automationTestCases.Exchange_3_Gas_Meter_Pre_Installation_Gas_Tightness_Test_Low_Pressure_Abort_Chrome -->
      <class name="automationTestCases.Exchange_2_End_To_End_Chrome">
        <test-method status="PASS" signature="beforeMethod()[pri:0, instance:automationTestCases.Exchange_2_End_To_End_Chrome@2bbaf4f0]" name="beforeMethod" is-config="true" duration-ms="6266" started-at="2018-03-21T16:55:34Z" finished-at="2018-03-21T16:55:40Z">
          <reporter-output>
          </reporter-output>
        </test-method> <!-- beforeMethod -->
        <test-method status="PASS" signature="main()[pri:0, instance:automationTestCases.Exchange_2_End_To_End_Chrome@2bbaf4f0]" name="main" duration-ms="85237" started-at="2018-03-21T16:55:40Z" finished-at="2018-03-21T16:57:05Z">
          <reporter-output>
          </reporter-output>
        </test-method> <!-- main -->
        <test-method status="PASS" signature="afterMethod()[pri:0, instance:automationTestCases.Exchange_2_End_To_End_Chrome@2bbaf4f0]" name="afterMethod" is-config="true" duration-ms="1014" started-at="2018-03-21T16:57:05Z" finished-at="2018-03-21T16:57:06Z">
          <reporter-output>
          </reporter-output>
        </test-method> <!-- afterMethod -->
      </class> <!-- automationTestCases.Exchange_2_End_To_End_Chrome -->
      <class name="automationTestCases.NMEX_5_End_To_End_Spark_Chrome">
        <test-method status="PASS" signature="beforeMethod()[pri:0, instance:automationTestCases.NMEX_5_End_To_End_Spark_Chrome@11c20519]" name="beforeMethod" is-config="true" duration-ms="6031" started-at="2018-03-21T16:57:06Z" finished-at="2018-03-21T16:57:12Z">
          <reporter-output>
          </reporter-output>
        </test-method> <!-- beforeMethod -->
        <test-method status="PASS" signature="main()[pri:0, instance:automationTestCases.NMEX_5_End_To_End_Spark_Chrome@11c20519]" name="main" duration-ms="44790" started-at="2018-03-21T16:57:12Z" finished-at="2018-03-21T16:57:57Z">
          <reporter-output>
          </reporter-output>
        </test-method> <!-- main -->
        <test-method status="PASS" signature="afterMethod()[pri:0, instance:automationTestCases.NMEX_5_End_To_End_Spark_Chrome@11c20519]" name="afterMethod" is-config="true" duration-ms="1092" started-at="2018-03-21T16:57:57Z" finished-at="2018-03-21T16:57:58Z">
          <reporter-output>
          </reporter-output>
        </test-method> <!-- afterMethod -->
      </class> <!-- automationTestCases.NMEX_5_End_To_End_Spark_Chrome -->
      <class name="automationTestCases.Exchange_9_Gas_Risk_Assessment_Gas_Abort_Low_Pressure_Chrome">
        <test-method status="PASS" signature="beforeMethod()[pri:0, instance:automationTestCases.Exchange_9_Gas_Risk_Assessment_Gas_Abort_Low_Pressure_Chrome@70beb599]" name="beforeMethod" is-config="true" duration-ms="6237" started-at="2018-03-21T16:57:58Z" finished-at="2018-03-21T16:58:04Z">
          <reporter-output>
          </reporter-output>
        </test-method> <!-- beforeMethod -->
        <test-method status="PASS" signature="main()[pri:0, instance:automationTestCases.Exchange_9_Gas_Risk_Assessment_Gas_Abort_Low_Pressure_Chrome@70beb599]" name="main" duration-ms="113413" started-at="2018-03-21T16:58:04Z" finished-at="2018-03-21T16:59:58Z">
          <reporter-output>
          </reporter-output>
        </test-method> <!-- main -->
        <test-method status="PASS" signature="afterMethod()[pri:0, instance:automationTestCases.Exchange_9_Gas_Risk_Assessment_Gas_Abort_Low_Pressure_Chrome@70beb599]" name="afterMethod" is-config="true" duration-ms="1045" started-at="2018-03-21T16:59:58Z" finished-at="2018-03-21T16:59:59Z">
          <reporter-output>
          </reporter-output>
        </test-method> <!-- afterMethod -->
      </class> <!-- automationTestCases.Exchange_9_Gas_Risk_Assessment_Gas_Abort_Low_Pressure_Chrome -->
      <class name="automationTestCases.Exchange_2_Doorstep_Protocol_Page_Abort_Doorstep_Procedure_Fail_Chrome">
        <test-method status="PASS" signature="beforeMethod()[pri:0, instance:automationTestCases.Exchange_2_Doorstep_Protocol_Page_Abort_Doorstep_Procedure_Fail_Chrome@4e41089d]" name="beforeMethod" is-config="true" duration-ms="6295" started-at="2018-03-21T16:59:59Z" finished-at="2018-03-21T17:00:05Z">
          <reporter-output>
          </reporter-output>
        </test-method> <!-- beforeMethod -->
        <test-method status="PASS" signature="main()[pri:0, instance:automationTestCases.Exchange_2_Doorstep_Protocol_Page_Abort_Doorstep_Procedure_Fail_Chrome@4e41089d]" name="main" duration-ms="33848" started-at="2018-03-21T17:00:05Z" finished-at="2018-03-21T17:00:39Z">
          <reporter-output>
          </reporter-output>
        </test-method> <!-- main -->
        <test-method status="PASS" signature="afterMethod()[pri:0, instance:automationTestCases.Exchange_2_Doorstep_Protocol_Page_Abort_Doorstep_Procedure_Fail_Chrome@4e41089d]" name="afterMethod" is-config="true" duration-ms="1059" started-at="2018-03-21T17:00:39Z" finished-at="2018-03-21T17:00:40Z">
          <reporter-output>
          </reporter-output>
        </test-method> <!-- afterMethod -->
      </class> <!-- automationTestCases.Exchange_2_Doorstep_Protocol_Page_Abort_Doorstep_Procedure_Fail_Chrome -->
      <class name="automationTestCases.Exchange_3_Gas_Risk_Assessment_Gas_Abort_Med_Pressure_Chrome">
        <test-method status="PASS" signature="beforeMethod()[pri:0, instance:automationTestCases.Exchange_3_Gas_Risk_Assessment_Gas_Abort_Med_Pressure_Chrome@32a068d1]" name="beforeMethod" is-config="true" duration-ms="6228" started-at="2018-03-21T17:00:40Z" finished-at="2018-03-21T17:00:46Z">
          <reporter-output>
          </reporter-output>
        </test-method> <!-- beforeMethod -->
        <test-method status="PASS" signature="main()[pri:0, instance:automationTestCases.Exchange_3_Gas_Risk_Assessment_Gas_Abort_Med_Pressure_Chrome@32a068d1]" name="main" duration-ms="109786" started-at="2018-03-21T17:00:46Z" finished-at="2018-03-21T17:02:36Z">
          <reporter-output>
          </reporter-output>
        </test-method> <!-- main -->
[...]
          <reporter-output>
          </reporter-output>
        </test-method> <!-- beforeMethod -->
        <test-method status="PASS" signature="main()[pri:0, instance:automationTestCases.FLTY_2_Elec_Risk_Assessment_Page_Abort_Chrome@453da22c]" name="main" duration-ms="37671" started-at="2018-03-21T17:45:09Z" finished-at="2018-03-21T17:45:46Z">
          <reporter-output>
          </reporter-output>
        </test-method> <!-- main -->
        <test-method status="PASS" signature="afterMethod()[pri:0, instance:automationTestCases.FLTY_2_Elec_Risk_Assessment_Page_Abort_Chrome@453da22c]" name="afterMethod" is-config="true" duration-ms="982" started-at="2018-03-21T17:45:46Z" finished-at="2018-03-21T17:45:47Z">
          <reporter-output>
          </reporter-output>
        </test-method> <!-- afterMethod -->
      </class> <!-- automationTestCases.FLTY_2_Elec_Risk_Assessment_Page_Abort_Chrome -->
      <class name="automationTestCases.FLTY_2_Doorstep_Protocol_Page_Abort_Doorstep_Procedure_Fail_Chrome">
        <test-method status="PASS" signature="beforeMethod()[pri:0, instance:automationTestCases.FLTY_2_Doorstep_Protocol_Page_Abort_Doorstep_Procedure_Fail_Chrome@442675e1]" name="beforeMethod" is-config="true" duration-ms="6457" started-at="2018-03-21T17:46:29Z" finished-at="2018-03-21T17:46:35Z">
          <reporter-output>
          </reporter-output>
        </test-method> <!-- beforeMethod -->
        <test-method status="PASS" signature="main()[pri:0, instance:automationTestCases.FLTY_2_Doorstep_Protocol_Page_Abort_Doorstep_Procedure_Fail_Chrome@442675e1]" name="main" duration-ms="33204" started-at="2018-03-21T17:46:35Z" finished-at="2018-03-21T17:47:08Z">
          <reporter-output>
          </reporter-output>
        </test-method> <!-- main -->
        <test-method status="PASS" signature="afterMethod()[pri:0, instance:automationTestCases.FLTY_2_Doorstep_Protocol_Page_Abort_Doorstep_Procedure_Fail_Chrome@442675e1]" name="afterMethod" is-config="true" duration-ms="1016" started-at="2018-03-21T17:47:08Z" finished-at="2018-03-21T17:47:09Z">
          <reporter-output>
          </reporter-output>
        </test-method> <!-- afterMethod -->
      </class> <!-- automationTestCases.FLTY_2_Doorstep_Protocol_Page_Abort_Doorstep_Procedure_Fail_Chrome -->
      <class name="automationTestCases.INST_5_Doorstep_Protocol_Page_Abort_Doorstep_Procedure_Fail_Chrome">
        <test-method status="PASS" signature="beforeMethod()[pri:0, instance:automationTestCases.INST_5_Doorstep_Protocol_Page_Abort_Doorstep_Procedure_Fail_Chrome@49e202ad]" name="beforeMethod" is-config="true" duration-ms="6425" started-at="2018-03-21T17:49:31Z" finished-at="2018-03-21T17:49:37Z">
          <reporter-output>
          </reporter-output>
        </test-method> <!-- beforeMethod -->
        <test-method status="PASS" signature="main()[pri:0, instance:automationTestCases.INST_5_Doorstep_Protocol_Page_Abort_Doorstep_Procedure_Fail_Chrome@49e202ad]" name="main" duration-ms="33176" started-at="2018-03-21T17:49:37Z" finished-at="2018-03-21T17:50:10Z">
          <reporter-output>
          </reporter-output>
        </test-method> <!-- main -->
        <test-method status="PASS" signature="afterMethod()[pri:0, instance:automationTestCases.INST_5_Doorstep_Protocol_Page_Abort_Doorstep_Procedure_Fail_Chrome@49e202ad]" name="afterMethod" is-config="true" duration-ms="1018" started-at="2018-03-21T17:50:10Z" finished-at="2018-03-21T17:50:12Z">
          <reporter-output>
          </reporter-output>
        </test-method> <!-- afterMethod -->
      </class> <!-- automationTestCases.INST_5_Doorstep_Protocol_Page_Abort_Doorstep_Procedure_Fail_Chrome -->
      <class name="automationTestCases.FLTY_17_End_To_End_Chrome">
        <test-method status="PASS" signature="beforeMethod()[pri:0, instance:automationTestCases.FLTY_17_End_To_End_Chrome@6166e06f]" name="beforeMethod" is-config="true" duration-ms="6450" started-at="2018-03-21T17:47:09Z" finished-at="2018-03-21T17:47:16Z">
          <reporter-output>
          </reporter-output>
        </test-method> <!-- beforeMethod -->
        <test-method status="PASS" signature="main()[pri:0, instance:automationTestCases.FLTY_17_End_To_End_Chrome@6166e06f]" name="main" duration-ms="134105" started-at="2018-03-21T17:47:16Z" finished-at="2018-03-21T17:49:30Z">
          <reporter-output>
          </reporter-output>
        </test-method> <!-- main -->
        <test-method status="PASS" signature="afterMethod()[pri:0, instance:automationTestCases.FLTY_17_End_To_End_Chrome@6166e06f]" name="afterMethod" is-config="true" duration-ms="998" started-at="2018-03-21T17:49:30Z" finished-at="2018-03-21T17:49:31Z">
          <reporter-output>
          </reporter-output>
        </test-method> <!-- afterMethod -->
      </class> <!-- automationTestCases.FLTY_17_End_To_End_Chrome -->
      <class name="automationTestCases.Exchange_5_Doorstep_Protocol_Page_Abort_Doorstep_Procedure_Fail_Chrome">
        <test-method status="PASS" signature="beforeMethod()[pri:0, instance:automationTestCases.Exchange_5_Doorstep_Protocol_Page_Abort_Doorstep_Procedure_Fail_Chrome@1c72da34]" name="beforeMethod" is-config="true" duration-ms="6687" started-at="2018-03-21T17:50:12Z" finished-at="2018-03-21T17:50:18Z">
          <reporter-output>
          </reporter-output>
        </test-method> <!-- beforeMethod -->
        <test-method status="PASS" signature="main()[pri:0, instance:automationTestCases.Exchange_5_Doorstep_Protocol_Page_Abort_Doorstep_Procedure_Fail_Chrome@1c72da34]" name="main" duration-ms="32893" started-at="2018-03-21T17:50:18Z" finished-at="2018-03-21T17:50:51Z">
          <reporter-output>
          </reporter-output>
        </test-method> <!-- main -->
        <test-method status="PASS" signature="afterMethod()[pri:0, instance:automationTestCases.Exchange_5_Doorstep_Protocol_Page_Abort_Doorstep_Procedure_Fail_Chrome@1c72da34]" name="afterMethod" is-config="true" duration-ms="1030" started-at="2018-03-21T17:50:51Z" finished-at="2018-03-21T17:50:52Z">
          <reporter-output>
          </reporter-output>
        </test-method> <!-- afterMethod -->
      </class> <!-- automationTestCases.Exchange_5_Doorstep_Protocol_Page_Abort_Doorstep_Procedure_Fail_Chrome -->
      <class name="automationTestCases.Exchange_1_Appointment_Details_Page_Abort_No_Access_Spark_Chrome">
        <test-method status="PASS" signature="beforeMethod()[pri:0, instance:automationTestCases.Exchange_1_Appointment_Details_Page_Abort_No_Access_Spark_Chrome@6b0c2d26]" name="beforeMethod" is-config="true" duration-ms="6556" started-at="2018-03-21T17:50:52Z" finished-at="2018-03-21T17:50:59Z">
          <reporter-output>
          </reporter-output>
        </test-method> <!-- beforeMethod -->
        <test-method status="PASS" signature="main()[pri:0, instance:automationTestCases.Exchange_1_Appointment_Details_Page_Abort_No_Access_Spark_Chrome@6b0c2d26]" name="main" duration-ms="13975" started-at="2018-03-21T17:50:59Z" finished-at="2018-03-21T17:51:13Z">
          <reporter-output>
          </reporter-output>
        </test-method> <!-- main -->
        <test-method status="PASS" signature="afterMethod()[pri:0, instance:automationTestCases.Exchange_1_Appointment_Details_Page_Abort_No_Access_Spark_Chrome@6b0c2d26]" name="afterMethod" is-config="true" duration-ms="983" started-at="2018-03-21T17:51:13Z" finished-at="2018-03-21T17:51:14Z">
          <reporter-output>
          </reporter-output>
        </test-method> <!-- afterMethod -->
      </class> <!-- automationTestCases.Exchange_1_Appointment_Details_Page_Abort_No_Access_Spark_Chrome -->
      <class name="automationTestCases.Exchange_11_Elec_Initial_Risk_Assessment_Page_Abort_Chrome">
        <test-method status="PASS" signature="beforeMethod()[pri:0, instance:automationTestCases.Exchange_11_Elec_Initial_Risk_Assessment_Page_Abort_Chrome@3d3fcdb0]" name="beforeMethod" is-config="true" duration-ms="8158" started-at="2018-03-21T17:51:14Z" finished-at="2018-03-21T17:51:22Z">
          <reporter-output>
          </reporter-output>
        </test-method> <!-- beforeMethod -->
        <test-method status="PASS" signature="main()[pri:0, instance:automationTestCases.Exchange_11_Elec_Initial_Risk_Assessment_Page_Abort_Chrome@3d3fcdb0]" name="main" duration-ms="37674" started-at="2018-03-21T17:51:22Z" finished-at="2018-03-21T17:51:59Z">
          <reporter-output>
          </reporter-output>
        </test-method> <!-- main -->
        <test-method status="PASS" signature="afterMethod()[pri:0, instance:automationTestCases.Exchange_11_Elec_Initial_Risk_Assessment_Page_Abort_Chrome@3d3fcdb0]" name="afterMethod" is-config="true" duration-ms="967" started-at="2018-03-21T17:51:59Z" finished-at="2018-03-21T17:52:00Z">
          <reporter-output>
          </reporter-output>
        </test-method> <!-- afterMethod -->
      </class> <!-- automationTestCases.Exchange_11_Elec_Initial_Risk_Assessment_Page_Abort_Chrome -->
      <class name="automationTestCases.FLTY_17_Elec_Risk_Assessment_Page_Abort_Chrome">
        <test-method status="PASS" signature="beforeMethod()[pri:0, instance:automationTestCases.FLTY_17_Elec_Risk_Assessment_Page_Abort_Chrome@641147d0]" name="beforeMethod" is-config="true" duration-ms="6744" started-at="2018-03-21T17:52:00Z" finished-at="2018-03-21T17:52:07Z">
          <reporter-output>
          </reporter-output>
        </test-method> <!-- beforeMethod -->
        <test-method status="PASS" signature="main()[pri:0, instance:automationTestCases.FLTY_17_Elec_Risk_Assessment_Page_Abort_Chrome@641147d0]" name="main" duration-ms="64209" started-at="2018-03-21T17:52:07Z" finished-at="2018-03-21T17:53:11Z">
          <reporter-output>
          </reporter-output>
        </test-method> <!-- main -->
        <test-method status="PASS" signature="afterMethod()[pri:0, instance:automationTestCases.FLTY_17_Elec_Risk_Assessment_Page_Abort_Chrome@641147d0]" name="afterMethod" is-config="true" duration-ms="1029" started-at="2018-03-21T17:53:11Z" finished-at="2018-03-21T17:53:12Z">
          <reporter-output>
          </reporter-output>
        </test-method> <!-- afterMethod -->
      </class> <!-- automationTestCases.FLTY_17_Elec_Risk_Assessment_Page_Abort_Chrome -->
      <class name="automationTestCases.NMEX_5_Elec_Initial_Risk_Assessment_Page_Abort_Chrome">
        <test-method status="PASS" signature="beforeMethod()[pri:0, instance:automationTestCases.NMEX_5_Elec_Initial_Risk_Assessment_Page_Abort_Chrome@27c6e487]" name="beforeMethod" is-config="true" duration-ms="6808" started-at="2018-03-21T17:56:12Z" finished-at="2018-03-21T17:56:19Z">
          <reporter-output>
          </reporter-output>
        </test-method> <!-- beforeMethod -->
        <test-method status="PASS" signature="main()[pri:0, instance:automationTestCases.NMEX_5_Elec_Initial_Risk_Assessment_Page_Abort_Chrome@27c6e487]" name="main" duration-ms="39279" started-at="2018-03-21T17:56:19Z" finished-at="2018-03-21T17:56:58Z">
          <reporter-output>
          </reporter-output>
        </test-method> <!-- main -->
        <test-method status="PASS" signature="afterMethod()[pri:0, instance:automationTestCases.NMEX_5_Elec_Initial_Risk_Assessment_Page_Abort_Chrome@27c6e487]" name="afterMethod" is-config="true" duration-ms="1030" started-at="2018-03-21T17:56:58Z" finished-at="2018-03-21T17:56:59Z">
          <reporter-output>
          </reporter-output>
        </test-method> <!-- afterMethod -->
      </class> <!-- automationTestCases.NMEX_5_Elec_Initial_Risk_Assessment_Page_Abort_Chrome -->
      <class name="automationTestCases.Exchange_9_Gas_Meter_Pre_Installation_Gas_Tightness_Test_Failed_Test_Abort_Chrome">
        <test-method status="PASS" signature="beforeMethod()[pri:0, instance:automationTestCases.Exchange_9_Gas_Meter_Pre_Installation_Gas_Tightness_Test_Failed_Test_Abort_Chrome@64d7f7e0]" name="beforeMethod" is-config="true" duration-ms="6631" started-at="2018-03-21T17:54:04Z" finished-at="2018-03-21T17:54:11Z">
          <reporter-output>
          </reporter-output>
        </test-method> <!-- beforeMethod -->
        <test-method status="PASS" signature="main()[pri:0, instance:automationTestCases.Exchange_9_Gas_Meter_Pre_Installation_Gas_Tightness_Test_Failed_Test_Abort_Chrome@64d7f7e0]" name="main" duration-ms="120219" started-at="2018-03-21T17:54:11Z" finished-at="2018-03-21T17:56:11Z">
          <reporter-output>
          </reporter-output>
        </test-method> <!-- main -->
        <test-method status="PASS" signature="afterMethod()[pri:0, instance:automationTestCases.Exchange_9_Gas_Meter_Pre_Installation_Gas_Tightness_Test_Failed_Test_Abort_Chrome@64d7f7e0]" name="afterMethod" is-config="true" duration-ms="1107" started-at="2018-03-21T17:56:11Z" finished-at="2018-03-21T17:56:12Z">
          <reporter-output>
          </reporter-output>
        </test-method> <!-- afterMethod -->
      </class> <!-- automationTestCases.Exchange_9_Gas_Meter_Pre_Installation_Gas_Tightness_Test_Failed_Test_Abort_Chrome -->
      <class name="automationTestCases.Exchange_5_Elec_Initial_Polarity_Check_At_Meter_Page_Abort_Chrome">
        <test-method status="PASS" signature="beforeMethod()[pri:0, instance:automationTestCases.Exchange_5_Elec_Initial_Polarity_Check_At_Meter_Page_Abort_Chrome@6e38921c]" name="beforeMethod" is-config="true" duration-ms="6708" started-at="2018-03-21T17:53:12Z" finished-at="2018-03-21T17:53:19Z">
          <reporter-output>
          </reporter-output>
        </test-method> <!-- beforeMethod -->
        <test-method status="PASS" signature="main()[pri:0, instance:automationTestCases.Exchange_5_Elec_Initial_Polarity_Check_At_Meter_Page_Abort_Chrome@6e38921c]" name="main" duration-ms="44285" started-at="2018-03-21T17:53:19Z" finished-at="2018-03-21T17:54:03Z">
          <reporter-output>
          </reporter-output>
        </test-method> <!-- main -->
        <test-method status="PASS" signature="afterMethod()[pri:0, instance:automationTestCases.Exchange_5_Elec_Initial_Polarity_Check_At_Meter_Page_Abort_Chrome@6e38921c]" name="afterMethod" is-config="true" duration-ms="983" started-at="2018-03-21T17:54:03Z" finished-at="2018-03-21T17:54:04Z">
          <reporter-output>
          </reporter-output>
        </test-method> <!-- afterMethod -->
      </class> <!-- automationTestCases.Exchange_5_Elec_Initial_Polarity_Check_At_Meter_Page_Abort_Chrome -->
      <class name="automationTestCases.Exchange_1_Gas_Risk_Assessment_Gas_Abort_Med_Pressure_Chrome">
        <test-method status="PASS" signature="beforeMethod()[pri:0, instance:automationTestCases.Exchange_1_Gas_Risk_Assessment_Gas_Abort_Med_Pressure_Chrome@49070868]" name="beforeMethod" is-config="true" duration-ms="6513" started-at="2018-03-21T17:56:59Z" finished-at="2018-03-21T17:57:06Z">
          <reporter-output>
          </reporter-output>
        </test-method> <!-- beforeMethod -->
        <test-method status="PASS" signature="main()[pri:0, instance:automationTestCases.Exchange_1_Gas_Risk_Assessment_Gas_Abort_Med_Pressure_Chrome@49070868]" name="main" duration-ms="41185" started-at="2018-03-21T17:57:06Z" finished-at="2018-03-21T17:57:47Z">
          <reporter-output>
          </reporter-output>
        </test-method> <!-- main -->
        <test-method status="PASS" signature="afterMethod()[pri:0, instance:automationTestCases.Exchange_1_Gas_Risk_Assessment_Gas_Abort_Med_Pressure_Chrome@49070868]" name="afterMethod" is-config="true" duration-ms="995" started-at="2018-03-21T17:57:47Z" finished-at="2018-03-21T17:57:48Z">
          <reporter-output>
          </reporter-output>
        </test-method> <!-- afterMethod -->
      </class> <!-- automationTestCases.Exchange_1_Gas_Risk_Assessment_Gas_Abort_Med_Pressure_Chrome -->
      <class name="automationTestCases.INST_5_End_To_End_Chrome">
        <test-method status="PASS" signature="beforeMethod()[pri:0, instance:automationTestCases.INST_5_End_To_End_Chrome@6385cb26]" name="beforeMethod" is-config="true" duration-ms="6253" started-at="2018-03-21T17:57:48Z" finished-at="2018-03-21T17:57:54Z">
          <reporter-output>
          </reporter-output>
        </test-method> <!-- beforeMethod -->
        <test-method status="PASS" signature="main()[pri:0, instance:automationTestCases.INST_5_End_To_End_Chrome@6385cb26]" name="main" duration-ms="67870" started-at="2018-03-21T17:57:54Z" finished-at="2018-03-21T17:59:02Z">
          <reporter-output>
          </reporter-output>
        </test-method> <!-- main -->
        <test-method status="PASS" signature="afterMethod()[pri:0, instance:automationTestCases.INST_5_End_To_End_Chrome@6385cb26]" name="afterMethod" is-config="true" duration-ms="1014" started-at="2018-03-21T17:59:02Z" finished-at="2018-03-21T17:59:03Z">
          <reporter-output>
          </reporter-output>
        </test-method> <!-- afterMethod -->
      </class> <!-- automationTestCases.INST_5_End_To_End_Chrome -->
      <class name="automationTestCases.Exchange_3_Gas_Meter_Pre_Installation_Gas_Tightness_Test_Failed_Test_Abort_Chrome">
        <test-method status="PASS" signature="beforeMethod()[pri:0, instance:automationTestCases.Exchange_3_Gas_Meter_Pre_Installation_Gas_Tightness_Test_Failed_Test_Abort_Chrome@38364841]" name="beforeMethod" is-config="true" duration-ms="5996" started-at="2018-03-21T17:59:03Z" finished-at="2018-03-21T17:59:09Z">
          <reporter-output>
          </reporter-output>
        </test-method> <!-- beforeMethod -->
        <test-method status="PASS" signature="main()[pri:0, instance:automationTestCases.Exchange_3_Gas_Meter_Pre_Installation_Gas_Tightness_Test_Failed_Test_Abort_Chrome@38364841]" name="main" duration-ms="114885" started-at="2018-03-21T17:59:09Z" finished-at="2018-03-21T18:01:04Z">
          <reporter-output>
          </reporter-output>
        </test-method> <!-- main -->
        <test-method status="PASS" signature="afterMethod()[pri:0, instance:automationTestCases.Exchange_3_Gas_Meter_Pre_Installation_Gas_Tightness_Test_Failed_Test_Abort_Chrome@38364841]" name="afterMethod" is-config="true" duration-ms="983" started-at="2018-03-21T18:01:04Z" finished-at="2018-03-21T18:01:05Z">
          <reporter-output>
          </reporter-output>
        </test-method> <!-- afterMethod -->
      </class> <!-- automationTestCases.Exchange_3_Gas_Meter_Pre_Installation_Gas_Tightness_Test_Failed_Test_Abort_Chrome -->
      <class name="automationTestCases.Exchange_2_End_To_End_Spark_Chrome">
        <test-method status="PASS" signature="beforeMethod()[pri:0, instance:automationTestCases.Exchange_2_End_To_End_Spark_Chrome@28c4711c]" name="beforeMethod" is-config="true" duration-ms="6047" started-at="2018-03-21T18:01:05Z" finished-at="2018-03-21T18:01:11Z">
          <reporter-output>
          </reporter-output>
        </test-method> <!-- beforeMethod -->
        <test-method status="PASS" signature="main()[pri:0, instance:automationTestCases.Exchange_2_End_To_End_Spark_Chrome@28c4711c]" name="main" duration-ms="83558" started-at="2018-03-21T18:01:11Z" finished-at="2018-03-21T18:02:35Z">
          <reporter-output>
          </reporter-output>
        </test-method> <!-- main -->
        <test-method status="PASS" signature="afterMethod()[pri:0, instance:automationTestCases.Exchange_2_End_To_End_Spark_Chrome@28c4711c]" name="afterMethod" is-config="true" duration-ms="1029" started-at="2018-03-21T18:02:35Z" finished-at="2018-03-21T18:02:36Z">
          <reporter-output>
          </reporter-output>
        </test-method> <!-- afterMethod -->
      </class> <!-- automationTestCases.Exchange_2_End_To_End_Spark_Chrome -->
    </test> <!-- Default test -->
  </suite> <!-- Default suite -->
</testng-results>
