<?xml version="1.0" encoding="UTF-8"?>
<testng-results skipped="0" failed="0" ignored="0" total="1" passed="1">
  <reporter-output>
  </reporter-output>
  <suite name="Default suite" duration-ms="29091" started-at="2017-07-26T16:55:05Z" finished-at="2017-07-26T16:55:34Z">
    <groups>
    </groups>
    <test name="Default test" duration-ms="29091" started-at="2017-07-26T16:55:05Z" finished-at="2017-07-26T16:55:34Z">
      <class name="automationTestCases.Exchange_11_Elec_Risk_Assessment_Page_Abort_Chrome">
        <test-method status="PASS" signature="beforeMethod()[pri:0, instance:automationTestCases.Exchange_11_Elec_Risk_Assessment_Page_Abort_Chrome@39c0f4a]" name="beforeMethod" is-config="true" duration-ms="9141" started-at="2017-07-26T17:55:05Z" finished-at="2017-07-26T17:55:14Z">
          <reporter-output>
          </reporter-output>
        </test-method> <!-- beforeMethod -->
        <test-method status="PASS" signature="main()[pri:0, instance:automationTestCases.Exchange_11_Elec_Risk_Assessment_Page_Abort_Chrome@39c0f4a]" name="main" duration-ms="18799" started-at="2017-07-26T17:55:14Z" finished-at="2017-07-26T17:55:33Z">
          <reporter-output>
          </reporter-output>
        </test-method> <!-- main -->
        <test-method status="PASS" signature="afterMethod()[pri:0, instance:automationTestCases.Exchange_11_Elec_Risk_Assessment_Page_Abort_Chrome@39c0f4a]" name="afterMethod" is-config="true" duration-ms="1122" started-at="2017-07-26T17:55:33Z" finished-at="2017-07-26T17:55:34Z">
          <reporter-output>
          </reporter-output>
        </test-method> <!-- afterMethod -->
      </class> <!-- automationTestCases.Exchange_11_Elec_Risk_Assessment_Page_Abort_Chrome -->
    </test> <!-- Default test -->
  </suite> <!-- Default suite -->
</testng-results>
