<?xml version="1.0" encoding="UTF-8"?>
<testng-results skipped="0" failed="0" ignored="0" total="1" passed="1">
  <reporter-output>
  </reporter-output>
  <suite name="Default suite" duration-ms="28047" started-at="2018-01-05T10:55:22Z" finished-at="2018-01-05T10:55:50Z">
    <groups>
    </groups>
    <test name="Default test" duration-ms="28047" started-at="2018-01-05T10:55:22Z" finished-at="2018-01-05T10:55:50Z">
      <class name="automationTestCases.Exchange_1_Appointment_Details_Page_Abort_No_Access_Chrome">
        <test-method status="PASS" signature="beforeMethod()[pri:0, instance:automationTestCases.Exchange_1_Appointment_Details_Page_Abort_No_Access_Chrome@2eda0940]" name="beforeMethod" is-config="true" duration-ms="10884" started-at="2018-01-05T10:55:22Z" finished-at="2018-01-05T10:55:33Z">
          <reporter-output>
          </reporter-output>
        </test-method> <!-- beforeMethod -->
        <test-method status="PASS" signature="main()[pri:0, instance:automationTestCases.Exchange_1_Appointment_Details_Page_Abort_No_Access_Chrome@2eda0940]" name="main" duration-ms="15858" started-at="2018-01-05T10:55:33Z" finished-at="2018-01-05T10:55:49Z">
          <reporter-output>
          </reporter-output>
        </test-method> <!-- main -->
        <test-method status="PASS" signature="afterMethod()[pri:0, instance:automationTestCases.Exchange_1_Appointment_Details_Page_Abort_No_Access_Chrome@2eda0940]" name="afterMethod" is-config="true" duration-ms="1270" started-at="2018-01-05T10:55:49Z" finished-at="2018-01-05T10:55:50Z">
          <reporter-output>
          </reporter-output>
        </test-method> <!-- afterMethod -->
      </class> <!-- automationTestCases.Exchange_1_Appointment_Details_Page_Abort_No_Access_Chrome -->
    </test> <!-- Default test -->
  </suite> <!-- Default suite -->
</testng-results>
