<?xml version="1.0" encoding="UTF-8"?>
<testng-results skipped="0" failed="0" ignored="0" total="1" passed="1">
  <reporter-output>
  </reporter-output>
  <suite name="Default suite" duration-ms="60320" started-at="2018-07-03T12:26:37Z" finished-at="2018-07-03T12:27:37Z">
    <groups>
    </groups>
    <test name="Default test" duration-ms="60320" started-at="2018-07-03T12:26:37Z" finished-at="2018-07-03T12:27:37Z">
      <class name="automationTestCases.Asset_Management_Add_Assets_Chrome">
        <test-method status="PASS" signature="beforeMethod()[pri:0, instance:automationTestCases.Asset_Management_Add_Assets_Chrome@43a0cee9]" name="beforeMethod" is-config="true" duration-ms="24309" started-at="2018-07-03T13:26:37Z" finished-at="2018-07-03T13:27:01Z">
          <reporter-output>
          </reporter-output>
        </test-method> <!-- beforeMethod -->
        <test-method status="PASS" signature="main()[pri:0, instance:automationTestCases.Asset_Management_Add_Assets_Chrome@43a0cee9]" name="main" duration-ms="34173" started-at="2018-07-03T13:27:01Z" finished-at="2018-07-03T13:27:35Z">
          <reporter-output>
          </reporter-output>
        </test-method> <!-- main -->
        <test-method status="PASS" signature="afterMethod()[pri:0, instance:automationTestCases.Asset_Management_Add_Assets_Chrome@43a0cee9]" name="afterMethod" is-config="true" duration-ms="1798" started-at="2018-07-03T13:27:35Z" finished-at="2018-07-03T13:27:37Z">
          <reporter-output>
          </reporter-output>
        </test-method> <!-- afterMethod -->
      </class> <!-- automationTestCases.Asset_Management_Add_Assets_Chrome -->
    </test> <!-- Default test -->
  </suite> <!-- Default suite -->
</testng-results>
