<?xml version="1.0" encoding="UTF-8"?>
<testng-results skipped="0" failed="0" ignored="0" total="1" passed="1">
  <reporter-output>
  </reporter-output>
  <suite name="Default suite" duration-ms="130724" started-at="2017-10-13T08:36:57Z" finished-at="2017-10-13T08:39:07Z">
    <groups>
    </groups>
    <test name="Default test" duration-ms="130724" started-at="2017-10-13T08:36:57Z" finished-at="2017-10-13T08:39:07Z">
      <class name="automationTestCases.Exchange_1_End_To_End_Chrome">
        <test-method status="PASS" signature="beforeMethod()[pri:0, instance:automationTestCases.Exchange_1_End_To_End_Chrome@5f341870]" name="beforeMethod" is-config="true" duration-ms="10087" started-at="2017-10-13T09:36:57Z" finished-at="2017-10-13T09:37:07Z">
          <reporter-output>
          </reporter-output>
        </test-method> <!-- beforeMethod -->
        <test-method status="PASS" signature="main()[pri:0, instance:automationTestCases.Exchange_1_End_To_End_Chrome@5f341870]" name="main" duration-ms="119197" started-at="2017-10-13T09:37:07Z" finished-at="2017-10-13T09:39:06Z">
          <reporter-output>
          </reporter-output>
        </test-method> <!-- main -->
        <test-method status="PASS" signature="afterMethod()[pri:0, instance:automationTestCases.Exchange_1_End_To_End_Chrome@5f341870]" name="afterMethod" is-config="true" duration-ms="1418" started-at="2017-10-13T09:39:06Z" finished-at="2017-10-13T09:39:07Z">
          <reporter-output>
          </reporter-output>
        </test-method> <!-- afterMethod -->
      </class> <!-- automationTestCases.Exchange_1_End_To_End_Chrome -->
    </test> <!-- Default test -->
  </suite> <!-- Default suite -->
</testng-results>
