<?xml version="1.0" encoding="UTF-8"?>
<!-- Generated by org.testng.reporters.JUnitReportReporter -->
<testsuite skipped="0" hostname="MD1N0QGC" name="automationTestCases.Exchange_1_Gas_Risk_Assessment_Gas_Abort_Med_Pressure_Chrome" tests="1" failures="0" timestamp="02 Aug 2017 09:13:03 GMT" time="30.440" errors="0">
  <testcase name="main" time="30.440" classname="automationTestCases.Exchange_1_Gas_Risk_Assessment_Gas_Abort_Med_Pressure_Chrome"/>
</testsuite> <!-- automationTestCases.Exchange_1_Gas_Risk_Assessment_Gas_Abort_Med_Pressure_Chrome -->
