<?xml version="1.0" encoding="UTF-8"?>
<!-- Generated by org.testng.reporters.JUnitReportReporter -->
<testsuite skipped="0" hostname="MD1N0QGC" name="automationTestCases.Exchange_11_Elec_Risk_Assessment_Page_Abort_Chrome" tests="1" failures="0" timestamp="27 Jul 2017 08:46:32 GMT" time="31.013" errors="0">
  <testcase name="main" time="31.013" classname="automationTestCases.Exchange_11_Elec_Risk_Assessment_Page_Abort_Chrome"/>
</testsuite> <!-- automationTestCases.Exchange_11_Elec_Risk_Assessment_Page_Abort_Chrome -->
