<?xml version="1.0" encoding="UTF-8"?>
<!-- Generated by org.testng.reporters.JUnitReportReporter -->
<testsuite skipped="0" hostname="MD1N0QGC" name="automationTestCases.Exchange_9_Appointment_Details_Page_Abort_No_Access_Chrome" tests="1" failures="0" timestamp="02 Aug 2017 09:13:03 GMT" time="41.455" errors="0">
  <testcase name="main" time="41.455" classname="automationTestCases.Exchange_9_Appointment_Details_Page_Abort_No_Access_Chrome"/>
</testsuite> <!-- automationTestCases.Exchange_9_Appointment_Details_Page_Abort_No_Access_Chrome -->
