<?xml version="1.0" encoding="UTF-8"?>
<!-- Generated by org.testng.reporters.JUnitReportReporter -->
<testsuite hostname="MD1N0QGC" name="automationTestCases.Exchange_3_Return_To_Appointment_List_Page_From_Appointment_Details_Page_Chrome" tests="1" failures="0" timestamp="12 Jun 2017 16:25:31 GMT" time="0.001" errors="1">
  <testcase name="main" time="0.001" classname="automationTestCases.Exchange_3_Return_To_Appointment_List_Page_From_Appointment_Details_Page_Chrome">
    <error type="java.io.FileNotFoundException" message="C:\MobilityAutomation\src\testData\Exchange_3_Return_To_Appointment_List_Page_From_Appointment_Details_Page_Chrome.xlsx (The system cannot find the file specified)">
      <![CDATA[java.io.FileNotFoundException: C:\MobilityAutomation\src\testData\Exchange_3_Return_To_Appointment_List_Page_From_Appointment_Details_Page_Chrome.xlsx (The system cannot find the file specified)
	at java.io.FileInputStream.open0(Native Method)
	at java.io.FileInputStream.open(Unknown Source)
	at java.io.FileInputStream.<init>(Unknown Source)
	at java.io.FileInputStream.<init>(Unknown Source)
	at utility.ExcelUtils.setExcelFile(ExcelUtils.java:52)
	at automationTestCases.Exchange_3_Return_To_Appointment_List_Page_From_Appointment_Details_Page_Chrome.beforeMethod(Exchange_3_Return_To_Appointment_List_Page_From_Appointment_Details_Page_Chrome.java:48)
	at sun.reflect.NativeMethodAccessorImpl.invoke0(Native Method)
	at sun.reflect.NativeMethodAccessorImpl.invoke(Unknown Source)
	at sun.reflect.DelegatingMethodAccessorImpl.invoke(Unknown Source)
	at java.lang.reflect.Method.invoke(Unknown Source)
	at org.testng.internal.MethodInvocationHelper.invokeMethod(MethodInvocationHelper.java:85)
	at org.testng.internal.Invoker.invokeConfigurationMethod(Invoker.java:510)
	at org.testng.internal.Invoker.invokeConfigurations(Invoker.java:211)
	at org.testng.internal.Invoker.invokeMethod(Invoker.java:585)
	at org.testng.internal.Invoker.invokeTestMethod(Invoker.java:816)
	at org.testng.internal.Invoker.invokeTestMethods(Invoker.java:1124)
	at org.testng.internal.TestMethodWorker.invokeTestMethods(TestMethodWorker.java:125)
	at org.testng.internal.TestMethodWorker.run(TestMethodWorker.java:108)
	at org.testng.TestRunner.privateRun(TestRunner.java:774)
	at org.testng.TestRunner.run(TestRunner.java:624)
	at org.testng.SuiteRunner.runTest(SuiteRunner.java:359)
	at org.testng.SuiteRunner.runSequentially(SuiteRunner.java:354)
	at org.testng.SuiteRunner.privateRun(SuiteRunner.java:312)
	at org.testng.SuiteRunner.run(SuiteRunner.java:261)
	at org.testng.SuiteRunnerWorker.runSuite(SuiteRunnerWorker.java:52)
	at org.testng.SuiteRunnerWorker.run(SuiteRunnerWorker.java:86)
	at org.testng.TestNG.runSuitesSequentially(TestNG.java:1215)
	at org.testng.TestNG.runSuitesLocally(TestNG.java:1140)
	at org.testng.TestNG.run(TestNG.java:1048)
	at org.testng.remote.AbstractRemoteTestNG.run(AbstractRemoteTestNG.java:132)
	at org.testng.remote.RemoteTestNG.initAndRun(RemoteTestNG.java:230)
	at org.testng.remote.RemoteTestNG.main(RemoteTestNG.java:76)
]]>
    </error>
  </testcase> <!-- main -->
</testsuite> <!-- automationTestCases.Exchange_3_Return_To_Appointment_List_Page_From_Appointment_Details_Page_Chrome -->
