<?xml version="1.0" encoding="UTF-8"?>
<!-- Generated by org.testng.reporters.JUnitReportReporter -->
<testsuite skipped="0" hostname="MD1N0QGC" name="automationTestCases.FLTY_17_Elec_Risk_Assessment_Page_Abort_Chrome" tests="1" failures="0" timestamp="02 Aug 2017 09:13:03 GMT" time="70.562" errors="0">
  <testcase name="main" time="70.562" classname="automationTestCases.FLTY_17_Elec_Risk_Assessment_Page_Abort_Chrome"/>
</testsuite> <!-- automationTestCases.FLTY_17_Elec_Risk_Assessment_Page_Abort_Chrome -->
