<?xml version="1.0" encoding="UTF-8"?>
<!-- Generated by org.testng.reporters.JUnitReportReporter -->
<testsuite skipped="0" hostname="MD1N0QGC" name="automationTestCases.FLTY_17_Elec_Initial_Polarity_Check_At_Meter_Page_Abort_Chrome" tests="1" failures="0" timestamp="07 Dec 2017 18:44:24 GMT" time="87.622" errors="0">
  <testcase name="main" time="87.622" classname="automationTestCases.FLTY_17_Elec_Initial_Polarity_Check_At_Meter_Page_Abort_Chrome"/>
</testsuite> <!-- automationTestCases.FLTY_17_Elec_Initial_Polarity_Check_At_Meter_Page_Abort_Chrome -->
