<?xml version="1.0" encoding="UTF-8"?>
<!-- Generated by org.testng.reporters.JUnitReportReporter -->
<testsuite skipped="0" hostname="MD1N0QGC" name="automationTestCases.NMEX_5_Doorstep_Protocol_Page_Abort_Doorstep_Procedure_Fail_Chrome" tests="1" failures="0" timestamp="27 Jul 2017 14:31:02 GMT" time="29.586" errors="0">
  <testcase name="main" time="29.586" classname="automationTestCases.NMEX_5_Doorstep_Protocol_Page_Abort_Doorstep_Procedure_Fail_Chrome"/>
</testsuite> <!-- automationTestCases.NMEX_5_Doorstep_Protocol_Page_Abort_Doorstep_Procedure_Fail_Chrome -->
